2018-03-19 00:04:13.3894|INFO|Microsoft.AspNetCore.DataProtection.KeyManagement.XmlKeyManager|User profile is available. Using 'C:\Users\wanis\AppData\Local\ASP.NET\DataProtection-Keys' as key repository and Windows DPAPI to encrypt keys at rest.
2018-03-19 00:04:14.4404|INFO|Microsoft.EntityFrameworkCore.Infrastructure|Entity Framework Core 2.0.0-rtm-26452 initialized 'LibraryContext' using provider 'Microsoft.EntityFrameworkCore.SqlServer' with options: None
2018-03-19 00:04:15.6395|INFO|Microsoft.EntityFrameworkCore.Database.Command|Executed DbCommand (175ms) [Parameters=[], CommandType='Text', CommandTimeout='30']
SELECT OBJECT_ID(N'__EFMigrationsHistory');
2018-03-19 00:04:15.6818|INFO|Microsoft.EntityFrameworkCore.Database.Command|Executed DbCommand (0ms) [Parameters=[], CommandType='Text', CommandTimeout='30']
SELECT OBJECT_ID(N'__EFMigrationsHistory');
2018-03-19 00:04:15.8358|INFO|Microsoft.EntityFrameworkCore.Database.Command|Executed DbCommand (114ms) [Parameters=[], CommandType='Text', CommandTimeout='30']
SELECT [MigrationId], [ProductVersion]
FROM [__EFMigrationsHistory]
ORDER BY [MigrationId];
2018-03-19 00:04:15.8621|INFO|Microsoft.EntityFrameworkCore.Migrations|No migrations were applied. The database is already up to date.
2018-03-19 00:04:16.9373|INFO|Microsoft.EntityFrameworkCore.Database.Command|Executed DbCommand (32ms) [Parameters=[], CommandType='Text', CommandTimeout='30']
SELECT [u].[Id], [u].[FirstName], [u].[IMEI], [u].[LastName], [u].[Password], [u].[UserName]
FROM [Users] AS [u]
2018-03-19 00:04:16.9734|INFO|Microsoft.EntityFrameworkCore.Database.Command|Executed DbCommand (32ms) [Parameters=[], CommandType='Text', CommandTimeout='30']
SELECT [u].[Id], [u].[FirstName], [u].[IMEI], [u].[LastName], [u].[Password], [u].[UserName]
FROM [Users] AS [u]
2018-03-19 00:04:17.3106|INFO|Microsoft.EntityFrameworkCore.Database.Command|Executed DbCommand (166ms) [Parameters=[@p0='?', @p1='?', @p2='?', @p3='?', @p4='?', @p5='?'], CommandType='Text', CommandTimeout='30']
SET NOCOUNT ON;
DELETE FROM [Users]
WHERE [Id] = @p0;
SELECT @@ROWCOUNT;

DELETE FROM [Users]
WHERE [Id] = @p1;
SELECT @@ROWCOUNT;

DELETE FROM [Users]
WHERE [Id] = @p2;
SELECT @@ROWCOUNT;

DELETE FROM [Users]
WHERE [Id] = @p3;
SELECT @@ROWCOUNT;

DELETE FROM [Users]
WHERE [Id] = @p4;
SELECT @@ROWCOUNT;

DELETE FROM [Users]
WHERE [Id] = @p5;
SELECT @@ROWCOUNT;
2018-03-19 00:04:17.3372|INFO|Microsoft.EntityFrameworkCore.Database.Command|Executed DbCommand (166ms) [Parameters=[@p0='?', @p1='?', @p2='?', @p3='?', @p4='?', @p5='?'], CommandType='Text', CommandTimeout='30']
SET NOCOUNT ON;
DELETE FROM [Users]
WHERE [Id] = @p0;
SELECT @@ROWCOUNT;

DELETE FROM [Users]
WHERE [Id] = @p1;
SELECT @@ROWCOUNT;

DELETE FROM [Users]
WHERE [Id] = @p2;
SELECT @@ROWCOUNT;

DELETE FROM [Users]
WHERE [Id] = @p3;
SELECT @@ROWCOUNT;

DELETE FROM [Users]
WHERE [Id] = @p4;
SELECT @@ROWCOUNT;

DELETE FROM [Users]
WHERE [Id] = @p5;
SELECT @@ROWCOUNT;
2018-03-19 00:04:17.4326|INFO|Microsoft.EntityFrameworkCore.Database.Command|Executed DbCommand (2ms) [Parameters=[@p0='?', @p1='?' (Size = 50), @p2='?' (Size = 50), @p3='?' (Size = 50), @p4='?' (Size = 50), @p5='?' (Size = 50), @p6='?', @p7='?' (Size = 50), @p8='?' (Size = 50), @p9='?' (Size = 50), @p10='?' (Size = 50), @p11='?' (Size = 50), @p12='?', @p13='?' (Size = 50), @p14='?' (Size = 50), @p15='?' (Size = 50), @p16='?' (Size = 50), @p17='?' (Size = 50), @p18='?', @p19='?' (Size = 50), @p20='?' (Size = 50), @p21='?' (Size = 50), @p22='?' (Size = 50), @p23='?' (Size = 50), @p24='?', @p25='?' (Size = 50), @p26='?' (Size = 50), @p27='?' (Size = 50), @p28='?' (Size = 50), @p29='?' (Size = 50), @p30='?', @p31='?' (Size = 50), @p32='?' (Size = 50), @p33='?' (Size = 50), @p34='?' (Size = 50), @p35='?' (Size = 50)], CommandType='Text', CommandTimeout='30']
SET NOCOUNT ON;
INSERT INTO [Users] ([Id], [FirstName], [IMEI], [LastName], [Password], [UserName])
VALUES (@p0, @p1, @p2, @p3, @p4, @p5),
(@p6, @p7, @p8, @p9, @p10, @p11),
(@p12, @p13, @p14, @p15, @p16, @p17),
(@p18, @p19, @p20, @p21, @p22, @p23),
(@p24, @p25, @p26, @p27, @p28, @p29),
(@p30, @p31, @p32, @p33, @p34, @p35);
2018-03-19 00:04:17.4520|INFO|Microsoft.EntityFrameworkCore.Database.Command|Executed DbCommand (2ms) [Parameters=[@p0='?', @p1='?' (Size = 50), @p2='?' (Size = 50), @p3='?' (Size = 50), @p4='?' (Size = 50), @p5='?' (Size = 50), @p6='?', @p7='?' (Size = 50), @p8='?' (Size = 50), @p9='?' (Size = 50), @p10='?' (Size = 50), @p11='?' (Size = 50), @p12='?', @p13='?' (Size = 50), @p14='?' (Size = 50), @p15='?' (Size = 50), @p16='?' (Size = 50), @p17='?' (Size = 50), @p18='?', @p19='?' (Size = 50), @p20='?' (Size = 50), @p21='?' (Size = 50), @p22='?' (Size = 50), @p23='?' (Size = 50), @p24='?', @p25='?' (Size = 50), @p26='?' (Size = 50), @p27='?' (Size = 50), @p28='?' (Size = 50), @p29='?' (Size = 50), @p30='?', @p31='?' (Size = 50), @p32='?' (Size = 50), @p33='?' (Size = 50), @p34='?' (Size = 50), @p35='?' (Size = 50)], CommandType='Text', CommandTimeout='30']
SET NOCOUNT ON;
INSERT INTO [Users] ([Id], [FirstName], [IMEI], [LastName], [Password], [UserName])
VALUES (@p0, @p1, @p2, @p3, @p4, @p5),
(@p6, @p7, @p8, @p9, @p10, @p11),
(@p12, @p13, @p14, @p15, @p16, @p17),
(@p18, @p19, @p20, @p21, @p22, @p23),
(@p24, @p25, @p26, @p27, @p28, @p29),
(@p30, @p31, @p32, @p33, @p34, @p35);
2018-03-19 00:04:17.4792|INFO|Microsoft.EntityFrameworkCore.Database.Command|Executed DbCommand (3ms) [Parameters=[@p36='?', @p37='?', @p38='?', @p39='?', @p40='?', @p41='?', @p42='?', @p43='?', @p44='?', @p45='?', @p46='?', @p47='?', @p48='?', @p49='?', @p50='?', @p51='?', @p52='?', @p53='?', @p54='?', @p55='?', @p56='?', @p57='?', @p58='?', @p59='?'], CommandType='Text', CommandTimeout='30']
SET NOCOUNT ON;
INSERT INTO [Scores] ([Id], [InstanceScore], [TimeStamp], [UserId])
VALUES (@p36, @p37, @p38, @p39),
(@p40, @p41, @p42, @p43),
(@p44, @p45, @p46, @p47),
(@p48, @p49, @p50, @p51),
(@p52, @p53, @p54, @p55),
(@p56, @p57, @p58, @p59);
2018-03-19 00:04:17.4856|INFO|Microsoft.EntityFrameworkCore.Database.Command|Executed DbCommand (3ms) [Parameters=[@p36='?', @p37='?', @p38='?', @p39='?', @p40='?', @p41='?', @p42='?', @p43='?', @p44='?', @p45='?', @p46='?', @p47='?', @p48='?', @p49='?', @p50='?', @p51='?', @p52='?', @p53='?', @p54='?', @p55='?', @p56='?', @p57='?', @p58='?', @p59='?'], CommandType='Text', CommandTimeout='30']
SET NOCOUNT ON;
INSERT INTO [Scores] ([Id], [InstanceScore], [TimeStamp], [UserId])
VALUES (@p36, @p37, @p38, @p39),
(@p40, @p41, @p42, @p43),
(@p44, @p45, @p46, @p47),
(@p48, @p49, @p50, @p51),
(@p52, @p53, @p54, @p55),
(@p56, @p57, @p58, @p59);
2018-03-19 00:04:18.7339|INFO|Microsoft.AspNetCore.Hosting.Internal.WebHost|Request starting HTTP/1.1 GET http://localhost:6058/  
2018-03-19 00:04:18.9203|INFO|Microsoft.AspNetCore.Hosting.Internal.WebHost|Request starting HTTP/1.1 GET http://localhost:6058/  
2018-03-19 00:04:19.2739|INFO|Microsoft.AspNetCore.Hosting.Internal.WebHost|Request finished in 541.9781ms 404 
2018-03-19 00:04:19.2865|INFO|Microsoft.AspNetCore.Hosting.Internal.WebHost|Request finished in 541.9781ms 404 
2018-03-19 00:04:20.5590|INFO|Microsoft.AspNetCore.Hosting.Internal.WebHost|Request starting HTTP/1.1 POST http://localhost:6058/api/users/578359b7-1967-41d6-8b87-64ab7605587e/scores application/json 69
2018-03-19 00:04:20.5870|INFO|Microsoft.AspNetCore.Hosting.Internal.WebHost|Request starting HTTP/1.1 POST http://localhost:6058/api/users/578359b7-1967-41d6-8b87-64ab7605587e/scores application/json 69
2018-03-19 00:04:20.7041|INFO|Microsoft.EntityFrameworkCore.Infrastructure|Entity Framework Core 2.0.0-rtm-26452 initialized 'LibraryContext' using provider 'Microsoft.EntityFrameworkCore.SqlServer' with options: None
2018-03-19 00:04:20.7390|INFO|Microsoft.EntityFrameworkCore.Infrastructure|Entity Framework Core 2.0.0-rtm-26452 initialized 'LibraryContext' using provider 'Microsoft.EntityFrameworkCore.SqlServer' with options: None
2018-03-19 00:04:20.7689|INFO|Microsoft.EntityFrameworkCore.Database.Command|Executed DbCommand (13ms) [Parameters=[], CommandType='Text', CommandTimeout='30']
SELECT OBJECT_ID(N'__EFMigrationsHistory');
2018-03-19 00:04:20.7841|INFO|Microsoft.EntityFrameworkCore.Database.Command|Executed DbCommand (13ms) [Parameters=[], CommandType='Text', CommandTimeout='30']
SELECT OBJECT_ID(N'__EFMigrationsHistory');
2018-03-19 00:04:20.7989|INFO|Microsoft.EntityFrameworkCore.Database.Command|Executed DbCommand (6ms) [Parameters=[], CommandType='Text', CommandTimeout='30']
SELECT OBJECT_ID(N'__EFMigrationsHistory');
2018-03-19 00:04:20.8066|INFO|Microsoft.EntityFrameworkCore.Database.Command|Executed DbCommand (6ms) [Parameters=[], CommandType='Text', CommandTimeout='30']
SELECT OBJECT_ID(N'__EFMigrationsHistory');
2018-03-19 00:04:20.8066|INFO|Microsoft.EntityFrameworkCore.Database.Command|Executed DbCommand (0ms) [Parameters=[], CommandType='Text', CommandTimeout='30']
SELECT [MigrationId], [ProductVersion]
FROM [__EFMigrationsHistory]
ORDER BY [MigrationId];
2018-03-19 00:04:20.8066|INFO|Microsoft.EntityFrameworkCore.Database.Command|Executed DbCommand (0ms) [Parameters=[], CommandType='Text', CommandTimeout='30']
SELECT [MigrationId], [ProductVersion]
FROM [__EFMigrationsHistory]
ORDER BY [MigrationId];
2018-03-19 00:04:20.8277|INFO|Microsoft.EntityFrameworkCore.Migrations|No migrations were applied. The database is already up to date.
2018-03-19 00:04:20.8277|INFO|Microsoft.EntityFrameworkCore.Migrations|No migrations were applied. The database is already up to date.
2018-03-19 00:04:21.0223|INFO|Microsoft.AspNetCore.Mvc.Internal.ControllerActionInvoker|Executing action method Library.API.Controllers.ScoresController.CreateScoreForUser (Library.API) with arguments (578359b7-1967-41d6-8b87-64ab7605587e, Library.API.Models.ScoreForCreationDto) - ModelState is Valid
2018-03-19 00:04:21.0500|INFO|Microsoft.AspNetCore.Mvc.Internal.ControllerActionInvoker|Executing action method Library.API.Controllers.ScoresController.CreateScoreForUser (Library.API) with arguments (578359b7-1967-41d6-8b87-64ab7605587e, Library.API.Models.ScoreForCreationDto) - ModelState is Valid
2018-03-19 00:04:21.1336|INFO|Microsoft.EntityFrameworkCore.Database.Command|Executed DbCommand (1ms) [Parameters=[@__userId_0='?'], CommandType='Text', CommandTimeout='30']
SELECT CASE
    WHEN EXISTS (
        SELECT 1
        FROM [Users] AS [a]
        WHERE [a].[Id] = @__userId_0)
    THEN CAST(1 AS BIT) ELSE CAST(0 AS BIT)
END
2018-03-19 00:04:21.1656|INFO|Microsoft.EntityFrameworkCore.Database.Command|Executed DbCommand (1ms) [Parameters=[@__userId_0='?'], CommandType='Text', CommandTimeout='30']
SELECT CASE
    WHEN EXISTS (
        SELECT 1
        FROM [Users] AS [a]
        WHERE [a].[Id] = @__userId_0)
    THEN CAST(1 AS BIT) ELSE CAST(0 AS BIT)
END
2018-03-19 00:04:21.2043|INFO|Microsoft.EntityFrameworkCore.Database.Command|Executed DbCommand (0ms) [Parameters=[@__userId_0='?'], CommandType='Text', CommandTimeout='30']
SELECT TOP(1) [a].[Id], [a].[FirstName], [a].[IMEI], [a].[LastName], [a].[Password], [a].[UserName]
FROM [Users] AS [a]
WHERE [a].[Id] = @__userId_0
2018-03-19 00:04:21.2118|INFO|Microsoft.EntityFrameworkCore.Database.Command|Executed DbCommand (0ms) [Parameters=[@__userId_0='?'], CommandType='Text', CommandTimeout='30']
SELECT TOP(1) [a].[Id], [a].[FirstName], [a].[IMEI], [a].[LastName], [a].[Password], [a].[UserName]
FROM [Users] AS [a]
WHERE [a].[Id] = @__userId_0
2018-03-19 00:04:21.2386|INFO|Microsoft.EntityFrameworkCore.Database.Command|Executed DbCommand (1ms) [Parameters=[@p0='?', @p1='?', @p2='?', @p3='?'], CommandType='Text', CommandTimeout='30']
SET NOCOUNT ON;
INSERT INTO [Scores] ([Id], [InstanceScore], [TimeStamp], [UserId])
VALUES (@p0, @p1, @p2, @p3);
2018-03-19 00:04:21.2386|INFO|Microsoft.EntityFrameworkCore.Database.Command|Executed DbCommand (1ms) [Parameters=[@p0='?', @p1='?', @p2='?', @p3='?'], CommandType='Text', CommandTimeout='30']
SET NOCOUNT ON;
INSERT INTO [Scores] ([Id], [InstanceScore], [TimeStamp], [UserId])
VALUES (@p0, @p1, @p2, @p3);
2018-03-19 00:04:21.3705|INFO|Microsoft.AspNetCore.Mvc.Internal.ObjectResultExecutor|Executing ObjectResult, writing value Microsoft.AspNetCore.Mvc.ControllerContext.
2018-03-19 00:04:21.3705|INFO|Microsoft.AspNetCore.Mvc.Internal.ObjectResultExecutor|Executing ObjectResult, writing value Microsoft.AspNetCore.Mvc.ControllerContext.
2018-03-19 00:04:21.4627|INFO|Microsoft.AspNetCore.Mvc.Internal.ControllerActionInvoker|Executed action Library.API.Controllers.ScoresController.CreateScoreForUser (Library.API) in 746.0717ms
2018-03-19 00:04:21.4702|INFO|Microsoft.AspNetCore.Mvc.Internal.ControllerActionInvoker|Executed action Library.API.Controllers.ScoresController.CreateScoreForUser (Library.API) in 746.0717ms
2018-03-19 00:04:21.4962|INFO|Microsoft.AspNetCore.Hosting.Internal.WebHost|Request finished in 939.186ms 201 application/json; charset=utf-8
2018-03-19 00:04:21.4962|INFO|Microsoft.AspNetCore.Hosting.Internal.WebHost|Request finished in 939.186ms 201 application/json; charset=utf-8
