2018-03-28 11:51:42.9161|INFO|Microsoft.AspNetCore.DataProtection.KeyManagement.XmlKeyManager|User profile is available. Using 'C:\Users\wanis\AppData\Local\ASP.NET\DataProtection-Keys' as key repository and Windows DPAPI to encrypt keys at rest.
2018-03-28 11:51:46.1587|INFO|Microsoft.EntityFrameworkCore.Infrastructure|Entity Framework Core 2.0.0-rtm-26452 initialized 'LibraryContext' using provider 'Microsoft.EntityFrameworkCore.SqlServer' with options: None
2018-03-28 11:52:02.4021|INFO|Microsoft.EntityFrameworkCore.Database.Command|Executed DbCommand (272ms) [Parameters=[], CommandType='Text', CommandTimeout='30']
SELECT OBJECT_ID(N'__EFMigrationsHistory');
2018-03-28 11:52:02.4978|INFO|Microsoft.EntityFrameworkCore.Database.Command|Executed DbCommand (11ms) [Parameters=[], CommandType='Text', CommandTimeout='30']
SELECT OBJECT_ID(N'__EFMigrationsHistory');
2018-03-28 11:52:02.6459|INFO|Microsoft.EntityFrameworkCore.Database.Command|Executed DbCommand (60ms) [Parameters=[], CommandType='Text', CommandTimeout='30']
SELECT [MigrationId], [ProductVersion]
FROM [__EFMigrationsHistory]
ORDER BY [MigrationId];
2018-03-28 11:52:02.7445|INFO|Microsoft.EntityFrameworkCore.Migrations|No migrations were applied. The database is already up to date.
2018-03-28 11:52:03.9140|INFO|Microsoft.EntityFrameworkCore.Database.Command|Executed DbCommand (40ms) [Parameters=[], CommandType='Text', CommandTimeout='30']
SELECT [u].[Id], [u].[FirstName], [u].[IMEI], [u].[LastName], [u].[Password], [u].[UserName]
FROM [Users] AS [u]
2018-03-28 11:52:03.9140|INFO|Microsoft.EntityFrameworkCore.Database.Command|Executed DbCommand (40ms) [Parameters=[], CommandType='Text', CommandTimeout='30']
SELECT [u].[Id], [u].[FirstName], [u].[IMEI], [u].[LastName], [u].[Password], [u].[UserName]
FROM [Users] AS [u]
2018-03-28 11:52:04.5752|INFO|Microsoft.EntityFrameworkCore.Database.Command|Executed DbCommand (329ms) [Parameters=[@p0='?', @p1='?', @p2='?', @p3='?', @p4='?', @p5='?'], CommandType='Text', CommandTimeout='30']
SET NOCOUNT ON;
DELETE FROM [Users]
WHERE [Id] = @p0;
SELECT @@ROWCOUNT;

DELETE FROM [Users]
WHERE [Id] = @p1;
SELECT @@ROWCOUNT;

DELETE FROM [Users]
WHERE [Id] = @p2;
SELECT @@ROWCOUNT;

DELETE FROM [Users]
WHERE [Id] = @p3;
SELECT @@ROWCOUNT;

DELETE FROM [Users]
WHERE [Id] = @p4;
SELECT @@ROWCOUNT;

DELETE FROM [Users]
WHERE [Id] = @p5;
SELECT @@ROWCOUNT;
2018-03-28 11:52:04.5881|INFO|Microsoft.EntityFrameworkCore.Database.Command|Executed DbCommand (329ms) [Parameters=[@p0='?', @p1='?', @p2='?', @p3='?', @p4='?', @p5='?'], CommandType='Text', CommandTimeout='30']
SET NOCOUNT ON;
DELETE FROM [Users]
WHERE [Id] = @p0;
SELECT @@ROWCOUNT;

DELETE FROM [Users]
WHERE [Id] = @p1;
SELECT @@ROWCOUNT;

DELETE FROM [Users]
WHERE [Id] = @p2;
SELECT @@ROWCOUNT;

DELETE FROM [Users]
WHERE [Id] = @p3;
SELECT @@ROWCOUNT;

DELETE FROM [Users]
WHERE [Id] = @p4;
SELECT @@ROWCOUNT;

DELETE FROM [Users]
WHERE [Id] = @p5;
SELECT @@ROWCOUNT;
2018-03-28 11:52:04.7047|INFO|Microsoft.EntityFrameworkCore.Database.Command|Executed DbCommand (41ms) [Parameters=[@p0='?', @p1='?' (Size = 50), @p2='?' (Size = 50), @p3='?' (Size = 50), @p4='?' (Size = 50), @p5='?' (Size = 50), @p6='?', @p7='?' (Size = 50), @p8='?' (Size = 50), @p9='?' (Size = 50), @p10='?' (Size = 50), @p11='?' (Size = 50), @p12='?', @p13='?' (Size = 50), @p14='?' (Size = 50), @p15='?' (Size = 50), @p16='?' (Size = 50), @p17='?' (Size = 50), @p18='?', @p19='?' (Size = 50), @p20='?' (Size = 50), @p21='?' (Size = 50), @p22='?' (Size = 50), @p23='?' (Size = 50), @p24='?', @p25='?' (Size = 50), @p26='?' (Size = 50), @p27='?' (Size = 50), @p28='?' (Size = 50), @p29='?' (Size = 50), @p30='?', @p31='?' (Size = 50), @p32='?' (Size = 50), @p33='?' (Size = 50), @p34='?' (Size = 50), @p35='?' (Size = 50)], CommandType='Text', CommandTimeout='30']
SET NOCOUNT ON;
INSERT INTO [Users] ([Id], [FirstName], [IMEI], [LastName], [Password], [UserName])
VALUES (@p0, @p1, @p2, @p3, @p4, @p5),
(@p6, @p7, @p8, @p9, @p10, @p11),
(@p12, @p13, @p14, @p15, @p16, @p17),
(@p18, @p19, @p20, @p21, @p22, @p23),
(@p24, @p25, @p26, @p27, @p28, @p29),
(@p30, @p31, @p32, @p33, @p34, @p35);
2018-03-28 11:52:04.7196|INFO|Microsoft.EntityFrameworkCore.Database.Command|Executed DbCommand (41ms) [Parameters=[@p0='?', @p1='?' (Size = 50), @p2='?' (Size = 50), @p3='?' (Size = 50), @p4='?' (Size = 50), @p5='?' (Size = 50), @p6='?', @p7='?' (Size = 50), @p8='?' (Size = 50), @p9='?' (Size = 50), @p10='?' (Size = 50), @p11='?' (Size = 50), @p12='?', @p13='?' (Size = 50), @p14='?' (Size = 50), @p15='?' (Size = 50), @p16='?' (Size = 50), @p17='?' (Size = 50), @p18='?', @p19='?' (Size = 50), @p20='?' (Size = 50), @p21='?' (Size = 50), @p22='?' (Size = 50), @p23='?' (Size = 50), @p24='?', @p25='?' (Size = 50), @p26='?' (Size = 50), @p27='?' (Size = 50), @p28='?' (Size = 50), @p29='?' (Size = 50), @p30='?', @p31='?' (Size = 50), @p32='?' (Size = 50), @p33='?' (Size = 50), @p34='?' (Size = 50), @p35='?' (Size = 50)], CommandType='Text', CommandTimeout='30']
SET NOCOUNT ON;
INSERT INTO [Users] ([Id], [FirstName], [IMEI], [LastName], [Password], [UserName])
VALUES (@p0, @p1, @p2, @p3, @p4, @p5),
(@p6, @p7, @p8, @p9, @p10, @p11),
(@p12, @p13, @p14, @p15, @p16, @p17),
(@p18, @p19, @p20, @p21, @p22, @p23),
(@p24, @p25, @p26, @p27, @p28, @p29),
(@p30, @p31, @p32, @p33, @p34, @p35);
2018-03-28 11:52:04.7403|INFO|Microsoft.EntityFrameworkCore.Database.Command|Executed DbCommand (11ms) [Parameters=[@p36='?', @p37='?', @p38='?', @p39='?', @p40='?', @p41='?', @p42='?', @p43='?', @p44='?', @p45='?', @p46='?', @p47='?', @p48='?', @p49='?', @p50='?', @p51='?', @p52='?', @p53='?', @p54='?', @p55='?', @p56='?', @p57='?', @p58='?', @p59='?'], CommandType='Text', CommandTimeout='30']
SET NOCOUNT ON;
INSERT INTO [Scores] ([Id], [InstanceScore], [TimeStamp], [UserId])
VALUES (@p36, @p37, @p38, @p39),
(@p40, @p41, @p42, @p43),
(@p44, @p45, @p46, @p47),
(@p48, @p49, @p50, @p51),
(@p52, @p53, @p54, @p55),
(@p56, @p57, @p58, @p59);
2018-03-28 11:52:04.7675|INFO|Microsoft.EntityFrameworkCore.Database.Command|Executed DbCommand (11ms) [Parameters=[@p36='?', @p37='?', @p38='?', @p39='?', @p40='?', @p41='?', @p42='?', @p43='?', @p44='?', @p45='?', @p46='?', @p47='?', @p48='?', @p49='?', @p50='?', @p51='?', @p52='?', @p53='?', @p54='?', @p55='?', @p56='?', @p57='?', @p58='?', @p59='?'], CommandType='Text', CommandTimeout='30']
SET NOCOUNT ON;
INSERT INTO [Scores] ([Id], [InstanceScore], [TimeStamp], [UserId])
VALUES (@p36, @p37, @p38, @p39),
(@p40, @p41, @p42, @p43),
(@p44, @p45, @p46, @p47),
(@p48, @p49, @p50, @p51),
(@p52, @p53, @p54, @p55),
(@p56, @p57, @p58, @p59);
2018-03-28 11:52:07.2009|INFO|Microsoft.AspNetCore.Hosting.Internal.WebHost|Request starting HTTP/1.1 GET http://localhost:6058/  
2018-03-28 11:52:07.2803|INFO|Microsoft.AspNetCore.Hosting.Internal.WebHost|Request starting HTTP/1.1 GET http://localhost:6058/  
2018-03-28 11:52:08.2615|INFO|Microsoft.AspNetCore.Hosting.Internal.WebHost|Request finished in 1028.8196ms 404 
2018-03-28 11:52:08.2738|INFO|Microsoft.AspNetCore.Hosting.Internal.WebHost|Request finished in 1028.8196ms 404 
2018-03-28 11:52:23.1069|INFO|Microsoft.AspNetCore.Hosting.Internal.WebHost|Request starting HTTP/1.1 GET http://localhost:6058/api/users?fields=id  
2018-03-28 11:52:23.1368|INFO|Microsoft.AspNetCore.Hosting.Internal.WebHost|Request starting HTTP/1.1 GET http://localhost:6058/api/users?fields=id  
2018-03-28 11:52:23.9049|INFO|Microsoft.EntityFrameworkCore.Infrastructure|Entity Framework Core 2.0.0-rtm-26452 initialized 'LibraryContext' using provider 'Microsoft.EntityFrameworkCore.SqlServer' with options: None
2018-03-28 11:52:23.9455|INFO|Microsoft.EntityFrameworkCore.Infrastructure|Entity Framework Core 2.0.0-rtm-26452 initialized 'LibraryContext' using provider 'Microsoft.EntityFrameworkCore.SqlServer' with options: None
2018-03-28 11:52:23.9610|INFO|Microsoft.EntityFrameworkCore.Database.Command|Executed DbCommand (2ms) [Parameters=[], CommandType='Text', CommandTimeout='30']
SELECT OBJECT_ID(N'__EFMigrationsHistory');
2018-03-28 11:52:23.9862|INFO|Microsoft.EntityFrameworkCore.Database.Command|Executed DbCommand (2ms) [Parameters=[], CommandType='Text', CommandTimeout='30']
SELECT OBJECT_ID(N'__EFMigrationsHistory');
2018-03-28 11:52:23.9954|INFO|Microsoft.EntityFrameworkCore.Database.Command|Executed DbCommand (1ms) [Parameters=[], CommandType='Text', CommandTimeout='30']
SELECT OBJECT_ID(N'__EFMigrationsHistory');
2018-03-28 11:52:24.0252|INFO|Microsoft.EntityFrameworkCore.Database.Command|Executed DbCommand (1ms) [Parameters=[], CommandType='Text', CommandTimeout='30']
SELECT OBJECT_ID(N'__EFMigrationsHistory');
2018-03-28 11:52:24.0400|INFO|Microsoft.EntityFrameworkCore.Database.Command|Executed DbCommand (3ms) [Parameters=[], CommandType='Text', CommandTimeout='30']
SELECT [MigrationId], [ProductVersion]
FROM [__EFMigrationsHistory]
ORDER BY [MigrationId];
2018-03-28 11:52:24.1169|INFO|Microsoft.EntityFrameworkCore.Database.Command|Executed DbCommand (3ms) [Parameters=[], CommandType='Text', CommandTimeout='30']
SELECT [MigrationId], [ProductVersion]
FROM [__EFMigrationsHistory]
ORDER BY [MigrationId];
2018-03-28 11:52:24.1169|INFO|Microsoft.EntityFrameworkCore.Migrations|No migrations were applied. The database is already up to date.
2018-03-28 11:52:24.1418|INFO|Microsoft.EntityFrameworkCore.Migrations|No migrations were applied. The database is already up to date.
2018-03-28 11:52:24.3803|INFO|Microsoft.AspNetCore.Mvc.Internal.ControllerActionInvoker|Executing action method Library.API.Controllers.UsersController.GetUsers (Library.API) with arguments (Library.API.Helpers.UserResourceParameters) - ModelState is Valid
2018-03-28 11:52:24.4076|INFO|Microsoft.AspNetCore.Mvc.Internal.ControllerActionInvoker|Executing action method Library.API.Controllers.UsersController.GetUsers (Library.API) with arguments (Library.API.Helpers.UserResourceParameters) - ModelState is Valid
2018-03-28 11:52:27.4099|INFO|Microsoft.EntityFrameworkCore.Database.Command|Executed DbCommand (45ms) [Parameters=[], CommandType='Text', CommandTimeout='30']
SELECT COUNT(*)
FROM [Users] AS [u]
2018-03-28 11:52:27.4201|INFO|Microsoft.EntityFrameworkCore.Database.Command|Executed DbCommand (45ms) [Parameters=[], CommandType='Text', CommandTimeout='30']
SELECT COUNT(*)
FROM [Users] AS [u]
2018-03-28 11:52:27.5947|INFO|Microsoft.EntityFrameworkCore.Database.Command|Executed DbCommand (77ms) [Parameters=[@__p_0='?', @__p_1='?'], CommandType='Text', CommandTimeout='30']
SELECT [u].[Id], [u].[FirstName], [u].[IMEI], [u].[LastName], [u].[Password], [u].[UserName]
FROM [Users] AS [u]
ORDER BY [u].[FirstName], [u].[LastName]
OFFSET @__p_0 ROWS FETCH NEXT @__p_1 ROWS ONLY
2018-03-28 11:52:27.6042|INFO|Microsoft.EntityFrameworkCore.Database.Command|Executed DbCommand (77ms) [Parameters=[@__p_0='?', @__p_1='?'], CommandType='Text', CommandTimeout='30']
SELECT [u].[Id], [u].[FirstName], [u].[IMEI], [u].[LastName], [u].[Password], [u].[UserName]
FROM [Users] AS [u]
ORDER BY [u].[FirstName], [u].[LastName]
OFFSET @__p_0 ROWS FETCH NEXT @__p_1 ROWS ONLY
2018-03-28 11:52:28.1536|INFO|Microsoft.AspNetCore.Mvc.Internal.ObjectResultExecutor|Executing ObjectResult, writing value Microsoft.AspNetCore.Mvc.ControllerContext.
2018-03-28 11:52:28.1826|INFO|Microsoft.AspNetCore.Mvc.Internal.ObjectResultExecutor|Executing ObjectResult, writing value Microsoft.AspNetCore.Mvc.ControllerContext.
2018-03-28 11:52:28.3027|INFO|Microsoft.AspNetCore.Mvc.Internal.ControllerActionInvoker|Executed action Library.API.Controllers.UsersController.GetUsers (Library.API) in 4524.9888ms
2018-03-28 11:52:28.3210|INFO|Microsoft.AspNetCore.Mvc.Internal.ControllerActionInvoker|Executed action Library.API.Controllers.UsersController.GetUsers (Library.API) in 4524.9888ms
2018-03-28 11:52:28.3375|INFO|Microsoft.AspNetCore.Hosting.Internal.WebHost|Request finished in 5228.9629ms 200 application/json; charset=utf-8
2018-03-28 11:52:28.3740|INFO|Microsoft.AspNetCore.Hosting.Internal.WebHost|Request finished in 5228.9629ms 200 application/json; charset=utf-8
2018-03-28 11:52:39.0060|INFO|Microsoft.AspNetCore.Hosting.Internal.WebHost|Request starting HTTP/1.1 GET http://localhost:6058/api/users?fields=id,name  
2018-03-28 11:52:39.0409|INFO|Microsoft.AspNetCore.Hosting.Internal.WebHost|Request starting HTTP/1.1 GET http://localhost:6058/api/users?fields=id,name  
2018-03-28 11:52:39.0520|INFO|Microsoft.EntityFrameworkCore.Infrastructure|Entity Framework Core 2.0.0-rtm-26452 initialized 'LibraryContext' using provider 'Microsoft.EntityFrameworkCore.SqlServer' with options: None
2018-03-28 11:52:39.0520|INFO|Microsoft.EntityFrameworkCore.Infrastructure|Entity Framework Core 2.0.0-rtm-26452 initialized 'LibraryContext' using provider 'Microsoft.EntityFrameworkCore.SqlServer' with options: None
2018-03-28 11:52:39.0705|INFO|Microsoft.EntityFrameworkCore.Database.Command|Executed DbCommand (2ms) [Parameters=[], CommandType='Text', CommandTimeout='30']
SELECT OBJECT_ID(N'__EFMigrationsHistory');
2018-03-28 11:52:39.0705|INFO|Microsoft.EntityFrameworkCore.Database.Command|Executed DbCommand (2ms) [Parameters=[], CommandType='Text', CommandTimeout='30']
SELECT OBJECT_ID(N'__EFMigrationsHistory');
2018-03-28 11:52:39.0705|INFO|Microsoft.EntityFrameworkCore.Database.Command|Executed DbCommand (0ms) [Parameters=[], CommandType='Text', CommandTimeout='30']
SELECT OBJECT_ID(N'__EFMigrationsHistory');
2018-03-28 11:52:39.0908|INFO|Microsoft.EntityFrameworkCore.Database.Command|Executed DbCommand (0ms) [Parameters=[], CommandType='Text', CommandTimeout='30']
SELECT OBJECT_ID(N'__EFMigrationsHistory');
2018-03-28 11:52:39.1166|INFO|Microsoft.EntityFrameworkCore.Database.Command|Executed DbCommand (0ms) [Parameters=[], CommandType='Text', CommandTimeout='30']
SELECT [MigrationId], [ProductVersion]
FROM [__EFMigrationsHistory]
ORDER BY [MigrationId];
2018-03-28 11:52:39.1166|INFO|Microsoft.EntityFrameworkCore.Database.Command|Executed DbCommand (0ms) [Parameters=[], CommandType='Text', CommandTimeout='30']
SELECT [MigrationId], [ProductVersion]
FROM [__EFMigrationsHistory]
ORDER BY [MigrationId];
2018-03-28 11:52:39.1305|INFO|Microsoft.EntityFrameworkCore.Migrations|No migrations were applied. The database is already up to date.
2018-03-28 11:52:39.1305|INFO|Microsoft.EntityFrameworkCore.Migrations|No migrations were applied. The database is already up to date.
2018-03-28 11:52:39.1457|INFO|Microsoft.AspNetCore.Mvc.Internal.ControllerActionInvoker|Executing action method Library.API.Controllers.UsersController.GetUsers (Library.API) with arguments (Library.API.Helpers.UserResourceParameters) - ModelState is Valid
2018-03-28 11:52:39.1712|INFO|Microsoft.AspNetCore.Mvc.Internal.ControllerActionInvoker|Executing action method Library.API.Controllers.UsersController.GetUsers (Library.API) with arguments (Library.API.Helpers.UserResourceParameters) - ModelState is Valid
2018-03-28 11:52:39.1800|INFO|Microsoft.EntityFrameworkCore.Database.Command|Executed DbCommand (1ms) [Parameters=[], CommandType='Text', CommandTimeout='30']
SELECT COUNT(*)
FROM [Users] AS [u]
2018-03-28 11:52:39.2072|INFO|Microsoft.EntityFrameworkCore.Database.Command|Executed DbCommand (1ms) [Parameters=[], CommandType='Text', CommandTimeout='30']
SELECT COUNT(*)
FROM [Users] AS [u]
2018-03-28 11:52:39.2339|INFO|Microsoft.EntityFrameworkCore.Database.Command|Executed DbCommand (1ms) [Parameters=[@__p_0='?', @__p_1='?'], CommandType='Text', CommandTimeout='30']
SELECT [u].[Id], [u].[FirstName], [u].[IMEI], [u].[LastName], [u].[Password], [u].[UserName]
FROM [Users] AS [u]
ORDER BY [u].[FirstName], [u].[LastName]
OFFSET @__p_0 ROWS FETCH NEXT @__p_1 ROWS ONLY
2018-03-28 11:52:39.2452|INFO|Microsoft.EntityFrameworkCore.Database.Command|Executed DbCommand (1ms) [Parameters=[@__p_0='?', @__p_1='?'], CommandType='Text', CommandTimeout='30']
SELECT [u].[Id], [u].[FirstName], [u].[IMEI], [u].[LastName], [u].[Password], [u].[UserName]
FROM [Users] AS [u]
ORDER BY [u].[FirstName], [u].[LastName]
OFFSET @__p_0 ROWS FETCH NEXT @__p_1 ROWS ONLY
2018-03-28 11:52:39.2744|INFO|Microsoft.AspNetCore.Mvc.Internal.ObjectResultExecutor|Executing ObjectResult, writing value Microsoft.AspNetCore.Mvc.ControllerContext.
2018-03-28 11:52:39.2744|INFO|Microsoft.AspNetCore.Mvc.Internal.ObjectResultExecutor|Executing ObjectResult, writing value Microsoft.AspNetCore.Mvc.ControllerContext.
2018-03-28 11:52:39.2913|INFO|Microsoft.AspNetCore.Mvc.Internal.ControllerActionInvoker|Executed action Library.API.Controllers.UsersController.GetUsers (Library.API) in 243.1067ms
2018-03-28 11:52:39.2913|INFO|Microsoft.AspNetCore.Mvc.Internal.ControllerActionInvoker|Executed action Library.API.Controllers.UsersController.GetUsers (Library.API) in 243.1067ms
2018-03-28 11:52:39.3204|INFO|Microsoft.AspNetCore.Hosting.Internal.WebHost|Request finished in 320.5233ms 200 application/json; charset=utf-8
2018-03-28 11:52:39.3362|INFO|Microsoft.AspNetCore.Hosting.Internal.WebHost|Request finished in 320.5233ms 200 application/json; charset=utf-8
2018-03-28 11:52:49.5494|INFO|Microsoft.AspNetCore.Hosting.Internal.WebHost|Request starting HTTP/1.1 GET http://localhost:6058/api/users?fields=id,name,imei  
2018-03-28 11:52:49.5587|INFO|Microsoft.AspNetCore.Hosting.Internal.WebHost|Request starting HTTP/1.1 GET http://localhost:6058/api/users?fields=id,name,imei  
2018-03-28 11:52:49.5587|INFO|Microsoft.EntityFrameworkCore.Infrastructure|Entity Framework Core 2.0.0-rtm-26452 initialized 'LibraryContext' using provider 'Microsoft.EntityFrameworkCore.SqlServer' with options: None
2018-03-28 11:52:49.5716|INFO|Microsoft.EntityFrameworkCore.Infrastructure|Entity Framework Core 2.0.0-rtm-26452 initialized 'LibraryContext' using provider 'Microsoft.EntityFrameworkCore.SqlServer' with options: None
2018-03-28 11:52:49.5973|INFO|Microsoft.EntityFrameworkCore.Database.Command|Executed DbCommand (1ms) [Parameters=[], CommandType='Text', CommandTimeout='30']
SELECT OBJECT_ID(N'__EFMigrationsHistory');
2018-03-28 11:52:49.6228|INFO|Microsoft.EntityFrameworkCore.Database.Command|Executed DbCommand (1ms) [Parameters=[], CommandType='Text', CommandTimeout='30']
SELECT OBJECT_ID(N'__EFMigrationsHistory');
2018-03-28 11:52:49.6228|INFO|Microsoft.EntityFrameworkCore.Database.Command|Executed DbCommand (0ms) [Parameters=[], CommandType='Text', CommandTimeout='30']
SELECT OBJECT_ID(N'__EFMigrationsHistory');
2018-03-28 11:52:49.6401|INFO|Microsoft.EntityFrameworkCore.Database.Command|Executed DbCommand (0ms) [Parameters=[], CommandType='Text', CommandTimeout='30']
SELECT OBJECT_ID(N'__EFMigrationsHistory');
2018-03-28 11:52:49.6663|INFO|Microsoft.EntityFrameworkCore.Database.Command|Executed DbCommand (0ms) [Parameters=[], CommandType='Text', CommandTimeout='30']
SELECT [MigrationId], [ProductVersion]
FROM [__EFMigrationsHistory]
ORDER BY [MigrationId];
2018-03-28 11:52:49.6959|INFO|Microsoft.EntityFrameworkCore.Database.Command|Executed DbCommand (0ms) [Parameters=[], CommandType='Text', CommandTimeout='30']
SELECT [MigrationId], [ProductVersion]
FROM [__EFMigrationsHistory]
ORDER BY [MigrationId];
2018-03-28 11:52:49.6959|INFO|Microsoft.EntityFrameworkCore.Migrations|No migrations were applied. The database is already up to date.
2018-03-28 11:52:49.7221|INFO|Microsoft.EntityFrameworkCore.Migrations|No migrations were applied. The database is already up to date.
2018-03-28 11:52:49.7283|INFO|Microsoft.AspNetCore.Mvc.Internal.ControllerActionInvoker|Executing action method Library.API.Controllers.UsersController.GetUsers (Library.API) with arguments (Library.API.Helpers.UserResourceParameters) - ModelState is Valid
2018-03-28 11:52:49.7283|INFO|Microsoft.AspNetCore.Mvc.Internal.ControllerActionInvoker|Executing action method Library.API.Controllers.UsersController.GetUsers (Library.API) with arguments (Library.API.Helpers.UserResourceParameters) - ModelState is Valid
2018-03-28 11:52:49.7640|INFO|Microsoft.EntityFrameworkCore.Database.Command|Executed DbCommand (1ms) [Parameters=[], CommandType='Text', CommandTimeout='30']
SELECT COUNT(*)
FROM [Users] AS [u]
2018-03-28 11:52:49.7729|INFO|Microsoft.EntityFrameworkCore.Database.Command|Executed DbCommand (1ms) [Parameters=[], CommandType='Text', CommandTimeout='30']
SELECT COUNT(*)
FROM [Users] AS [u]
2018-03-28 11:52:49.7989|INFO|Microsoft.EntityFrameworkCore.Database.Command|Executed DbCommand (1ms) [Parameters=[@__p_0='?', @__p_1='?'], CommandType='Text', CommandTimeout='30']
SELECT [u].[Id], [u].[FirstName], [u].[IMEI], [u].[LastName], [u].[Password], [u].[UserName]
FROM [Users] AS [u]
ORDER BY [u].[FirstName], [u].[LastName]
OFFSET @__p_0 ROWS FETCH NEXT @__p_1 ROWS ONLY
2018-03-28 11:52:49.8263|INFO|Microsoft.EntityFrameworkCore.Database.Command|Executed DbCommand (1ms) [Parameters=[@__p_0='?', @__p_1='?'], CommandType='Text', CommandTimeout='30']
SELECT [u].[Id], [u].[FirstName], [u].[IMEI], [u].[LastName], [u].[Password], [u].[UserName]
FROM [Users] AS [u]
ORDER BY [u].[FirstName], [u].[LastName]
OFFSET @__p_0 ROWS FETCH NEXT @__p_1 ROWS ONLY
2018-03-28 11:52:49.8516|INFO|Microsoft.AspNetCore.Mvc.Internal.ObjectResultExecutor|Executing ObjectResult, writing value Microsoft.AspNetCore.Mvc.ControllerContext.
2018-03-28 11:52:49.8516|INFO|Microsoft.AspNetCore.Mvc.Internal.ObjectResultExecutor|Executing ObjectResult, writing value Microsoft.AspNetCore.Mvc.ControllerContext.
2018-03-28 11:52:49.8649|INFO|Microsoft.AspNetCore.Mvc.Internal.ControllerActionInvoker|Executed action Library.API.Controllers.UsersController.GetUsers (Library.API) in 301.4581ms
2018-03-28 11:52:49.8935|INFO|Microsoft.AspNetCore.Mvc.Internal.ControllerActionInvoker|Executed action Library.API.Controllers.UsersController.GetUsers (Library.API) in 301.4581ms
2018-03-28 11:52:49.9957|INFO|Microsoft.AspNetCore.Hosting.Internal.WebHost|Request finished in 348.0713ms 200 application/json; charset=utf-8
2018-03-28 11:52:50.0230|INFO|Microsoft.AspNetCore.Hosting.Internal.WebHost|Request finished in 348.0713ms 200 application/json; charset=utf-8
2018-03-28 11:56:32.1233|INFO|Microsoft.AspNetCore.DataProtection.KeyManagement.XmlKeyManager|User profile is available. Using 'C:\Users\wanis\AppData\Local\ASP.NET\DataProtection-Keys' as key repository and Windows DPAPI to encrypt keys at rest.
2018-03-28 11:56:32.9865|INFO|Microsoft.EntityFrameworkCore.Infrastructure|Entity Framework Core 2.0.0-rtm-26452 initialized 'LibraryContext' using provider 'Microsoft.EntityFrameworkCore.SqlServer' with options: None
2018-03-28 11:56:44.2907|INFO|Microsoft.EntityFrameworkCore.Database.Command|Executed DbCommand (271ms) [Parameters=[], CommandType='Text', CommandTimeout='30']
SELECT OBJECT_ID(N'__EFMigrationsHistory');
2018-03-28 11:56:44.3619|INFO|Microsoft.EntityFrameworkCore.Database.Command|Executed DbCommand (0ms) [Parameters=[], CommandType='Text', CommandTimeout='30']
SELECT OBJECT_ID(N'__EFMigrationsHistory');
2018-03-28 11:56:44.4458|INFO|Microsoft.EntityFrameworkCore.Database.Command|Executed DbCommand (72ms) [Parameters=[], CommandType='Text', CommandTimeout='30']
SELECT [MigrationId], [ProductVersion]
FROM [__EFMigrationsHistory]
ORDER BY [MigrationId];
2018-03-28 11:56:44.5016|INFO|Microsoft.EntityFrameworkCore.Migrations|No migrations were applied. The database is already up to date.
2018-03-28 11:56:45.6582|INFO|Microsoft.EntityFrameworkCore.Database.Command|Executed DbCommand (139ms) [Parameters=[], CommandType='Text', CommandTimeout='30']
SELECT [u].[Id], [u].[FirstName], [u].[IMEI], [u].[LastName], [u].[Password], [u].[UserName]
FROM [Users] AS [u]
2018-03-28 11:56:45.6905|INFO|Microsoft.EntityFrameworkCore.Database.Command|Executed DbCommand (139ms) [Parameters=[], CommandType='Text', CommandTimeout='30']
SELECT [u].[Id], [u].[FirstName], [u].[IMEI], [u].[LastName], [u].[Password], [u].[UserName]
FROM [Users] AS [u]
2018-03-28 11:56:46.1836|INFO|Microsoft.EntityFrameworkCore.Database.Command|Executed DbCommand (388ms) [Parameters=[@p0='?', @p1='?', @p2='?', @p3='?', @p4='?', @p5='?'], CommandType='Text', CommandTimeout='30']
SET NOCOUNT ON;
DELETE FROM [Users]
WHERE [Id] = @p0;
SELECT @@ROWCOUNT;

DELETE FROM [Users]
WHERE [Id] = @p1;
SELECT @@ROWCOUNT;

DELETE FROM [Users]
WHERE [Id] = @p2;
SELECT @@ROWCOUNT;

DELETE FROM [Users]
WHERE [Id] = @p3;
SELECT @@ROWCOUNT;

DELETE FROM [Users]
WHERE [Id] = @p4;
SELECT @@ROWCOUNT;

DELETE FROM [Users]
WHERE [Id] = @p5;
SELECT @@ROWCOUNT;
2018-03-28 11:56:46.1974|INFO|Microsoft.EntityFrameworkCore.Database.Command|Executed DbCommand (388ms) [Parameters=[@p0='?', @p1='?', @p2='?', @p3='?', @p4='?', @p5='?'], CommandType='Text', CommandTimeout='30']
SET NOCOUNT ON;
DELETE FROM [Users]
WHERE [Id] = @p0;
SELECT @@ROWCOUNT;

DELETE FROM [Users]
WHERE [Id] = @p1;
SELECT @@ROWCOUNT;

DELETE FROM [Users]
WHERE [Id] = @p2;
SELECT @@ROWCOUNT;

DELETE FROM [Users]
WHERE [Id] = @p3;
SELECT @@ROWCOUNT;

DELETE FROM [Users]
WHERE [Id] = @p4;
SELECT @@ROWCOUNT;

DELETE FROM [Users]
WHERE [Id] = @p5;
SELECT @@ROWCOUNT;
2018-03-28 11:56:46.3227|INFO|Microsoft.EntityFrameworkCore.Database.Command|Executed DbCommand (49ms) [Parameters=[@p0='?', @p1='?' (Size = 50), @p2='?' (Size = 50), @p3='?' (Size = 50), @p4='?' (Size = 50), @p5='?' (Size = 50), @p6='?', @p7='?' (Size = 50), @p8='?' (Size = 50), @p9='?' (Size = 50), @p10='?' (Size = 50), @p11='?' (Size = 50), @p12='?', @p13='?' (Size = 50), @p14='?' (Size = 50), @p15='?' (Size = 50), @p16='?' (Size = 50), @p17='?' (Size = 50), @p18='?', @p19='?' (Size = 50), @p20='?' (Size = 50), @p21='?' (Size = 50), @p22='?' (Size = 50), @p23='?' (Size = 50), @p24='?', @p25='?' (Size = 50), @p26='?' (Size = 50), @p27='?' (Size = 50), @p28='?' (Size = 50), @p29='?' (Size = 50), @p30='?', @p31='?' (Size = 50), @p32='?' (Size = 50), @p33='?' (Size = 50), @p34='?' (Size = 50), @p35='?' (Size = 50)], CommandType='Text', CommandTimeout='30']
SET NOCOUNT ON;
INSERT INTO [Users] ([Id], [FirstName], [IMEI], [LastName], [Password], [UserName])
VALUES (@p0, @p1, @p2, @p3, @p4, @p5),
(@p6, @p7, @p8, @p9, @p10, @p11),
(@p12, @p13, @p14, @p15, @p16, @p17),
(@p18, @p19, @p20, @p21, @p22, @p23),
(@p24, @p25, @p26, @p27, @p28, @p29),
(@p30, @p31, @p32, @p33, @p34, @p35);
2018-03-28 11:56:46.3350|INFO|Microsoft.EntityFrameworkCore.Database.Command|Executed DbCommand (49ms) [Parameters=[@p0='?', @p1='?' (Size = 50), @p2='?' (Size = 50), @p3='?' (Size = 50), @p4='?' (Size = 50), @p5='?' (Size = 50), @p6='?', @p7='?' (Size = 50), @p8='?' (Size = 50), @p9='?' (Size = 50), @p10='?' (Size = 50), @p11='?' (Size = 50), @p12='?', @p13='?' (Size = 50), @p14='?' (Size = 50), @p15='?' (Size = 50), @p16='?' (Size = 50), @p17='?' (Size = 50), @p18='?', @p19='?' (Size = 50), @p20='?' (Size = 50), @p21='?' (Size = 50), @p22='?' (Size = 50), @p23='?' (Size = 50), @p24='?', @p25='?' (Size = 50), @p26='?' (Size = 50), @p27='?' (Size = 50), @p28='?' (Size = 50), @p29='?' (Size = 50), @p30='?', @p31='?' (Size = 50), @p32='?' (Size = 50), @p33='?' (Size = 50), @p34='?' (Size = 50), @p35='?' (Size = 50)], CommandType='Text', CommandTimeout='30']
SET NOCOUNT ON;
INSERT INTO [Users] ([Id], [FirstName], [IMEI], [LastName], [Password], [UserName])
VALUES (@p0, @p1, @p2, @p3, @p4, @p5),
(@p6, @p7, @p8, @p9, @p10, @p11),
(@p12, @p13, @p14, @p15, @p16, @p17),
(@p18, @p19, @p20, @p21, @p22, @p23),
(@p24, @p25, @p26, @p27, @p28, @p29),
(@p30, @p31, @p32, @p33, @p34, @p35);
2018-03-28 11:56:46.3912|INFO|Microsoft.EntityFrameworkCore.Database.Command|Executed DbCommand (31ms) [Parameters=[@p36='?', @p37='?', @p38='?', @p39='?', @p40='?', @p41='?', @p42='?', @p43='?', @p44='?', @p45='?', @p46='?', @p47='?', @p48='?', @p49='?', @p50='?', @p51='?', @p52='?', @p53='?', @p54='?', @p55='?', @p56='?', @p57='?', @p58='?', @p59='?'], CommandType='Text', CommandTimeout='30']
SET NOCOUNT ON;
INSERT INTO [Scores] ([Id], [InstanceScore], [TimeStamp], [UserId])
VALUES (@p36, @p37, @p38, @p39),
(@p40, @p41, @p42, @p43),
(@p44, @p45, @p46, @p47),
(@p48, @p49, @p50, @p51),
(@p52, @p53, @p54, @p55),
(@p56, @p57, @p58, @p59);
2018-03-28 11:56:46.4221|INFO|Microsoft.EntityFrameworkCore.Database.Command|Executed DbCommand (31ms) [Parameters=[@p36='?', @p37='?', @p38='?', @p39='?', @p40='?', @p41='?', @p42='?', @p43='?', @p44='?', @p45='?', @p46='?', @p47='?', @p48='?', @p49='?', @p50='?', @p51='?', @p52='?', @p53='?', @p54='?', @p55='?', @p56='?', @p57='?', @p58='?', @p59='?'], CommandType='Text', CommandTimeout='30']
SET NOCOUNT ON;
INSERT INTO [Scores] ([Id], [InstanceScore], [TimeStamp], [UserId])
VALUES (@p36, @p37, @p38, @p39),
(@p40, @p41, @p42, @p43),
(@p44, @p45, @p46, @p47),
(@p48, @p49, @p50, @p51),
(@p52, @p53, @p54, @p55),
(@p56, @p57, @p58, @p59);
2018-03-28 11:56:47.1308|INFO|Microsoft.AspNetCore.Hosting.Internal.WebHost|Request starting HTTP/1.1 GET http://localhost:6058/  
2018-03-28 11:56:47.1731|INFO|Microsoft.AspNetCore.Hosting.Internal.WebHost|Request starting HTTP/1.1 GET http://localhost:6058/  
2018-03-28 11:56:47.5033|INFO|Microsoft.AspNetCore.Hosting.Internal.WebHost|Request finished in 397.01ms 404 
2018-03-28 11:56:47.5590|INFO|Microsoft.AspNetCore.Hosting.Internal.WebHost|Request finished in 397.01ms 404 
2018-03-28 11:56:59.8732|INFO|Microsoft.AspNetCore.Hosting.Internal.WebHost|Request starting HTTP/1.1 GET http://localhost:6058/api/users?fields=id,name,imei  
2018-03-28 11:56:59.8844|INFO|Microsoft.AspNetCore.Hosting.Internal.WebHost|Request starting HTTP/1.1 GET http://localhost:6058/api/users?fields=id,name,imei  
2018-03-28 11:57:00.0478|INFO|Microsoft.EntityFrameworkCore.Infrastructure|Entity Framework Core 2.0.0-rtm-26452 initialized 'LibraryContext' using provider 'Microsoft.EntityFrameworkCore.SqlServer' with options: None
2018-03-28 11:57:00.0590|INFO|Microsoft.EntityFrameworkCore.Infrastructure|Entity Framework Core 2.0.0-rtm-26452 initialized 'LibraryContext' using provider 'Microsoft.EntityFrameworkCore.SqlServer' with options: None
2018-03-28 11:57:00.0961|INFO|Microsoft.EntityFrameworkCore.Database.Command|Executed DbCommand (26ms) [Parameters=[], CommandType='Text', CommandTimeout='30']
SELECT OBJECT_ID(N'__EFMigrationsHistory');
2018-03-28 11:57:00.1068|INFO|Microsoft.EntityFrameworkCore.Database.Command|Executed DbCommand (26ms) [Parameters=[], CommandType='Text', CommandTimeout='30']
SELECT OBJECT_ID(N'__EFMigrationsHistory');
2018-03-28 11:57:00.1159|INFO|Microsoft.EntityFrameworkCore.Database.Command|Executed DbCommand (1ms) [Parameters=[], CommandType='Text', CommandTimeout='30']
SELECT OBJECT_ID(N'__EFMigrationsHistory');
2018-03-28 11:57:00.1159|INFO|Microsoft.EntityFrameworkCore.Database.Command|Executed DbCommand (1ms) [Parameters=[], CommandType='Text', CommandTimeout='30']
SELECT OBJECT_ID(N'__EFMigrationsHistory');
2018-03-28 11:57:00.1356|INFO|Microsoft.EntityFrameworkCore.Database.Command|Executed DbCommand (1ms) [Parameters=[], CommandType='Text', CommandTimeout='30']
SELECT [MigrationId], [ProductVersion]
FROM [__EFMigrationsHistory]
ORDER BY [MigrationId];
2018-03-28 11:57:00.1356|INFO|Microsoft.EntityFrameworkCore.Database.Command|Executed DbCommand (1ms) [Parameters=[], CommandType='Text', CommandTimeout='30']
SELECT [MigrationId], [ProductVersion]
FROM [__EFMigrationsHistory]
ORDER BY [MigrationId];
2018-03-28 11:57:00.1682|INFO|Microsoft.EntityFrameworkCore.Migrations|No migrations were applied. The database is already up to date.
2018-03-28 11:57:00.1682|INFO|Microsoft.EntityFrameworkCore.Migrations|No migrations were applied. The database is already up to date.
2018-03-28 11:57:00.2501|INFO|Microsoft.AspNetCore.Mvc.Internal.ControllerActionInvoker|Executing action method Library.API.Controllers.UsersController.GetUsers (Library.API) with arguments (Library.API.Helpers.UserResourceParameters) - ModelState is Valid
2018-03-28 11:57:00.2569|INFO|Microsoft.AspNetCore.Mvc.Internal.ControllerActionInvoker|Executing action method Library.API.Controllers.UsersController.GetUsers (Library.API) with arguments (Library.API.Helpers.UserResourceParameters) - ModelState is Valid
2018-03-28 11:57:01.3871|INFO|Microsoft.EntityFrameworkCore.Database.Command|Executed DbCommand (1ms) [Parameters=[], CommandType='Text', CommandTimeout='30']
SELECT COUNT(*)
FROM [Users] AS [u]
2018-03-28 11:57:01.3871|INFO|Microsoft.EntityFrameworkCore.Database.Command|Executed DbCommand (1ms) [Parameters=[], CommandType='Text', CommandTimeout='30']
SELECT COUNT(*)
FROM [Users] AS [u]
2018-03-28 11:57:01.4951|INFO|Microsoft.EntityFrameworkCore.Database.Command|Executed DbCommand (55ms) [Parameters=[@__p_0='?', @__p_1='?'], CommandType='Text', CommandTimeout='30']
SELECT [u].[Id], [u].[FirstName], [u].[IMEI], [u].[LastName], [u].[Password], [u].[UserName]
FROM [Users] AS [u]
ORDER BY [u].[FirstName], [u].[LastName]
OFFSET @__p_0 ROWS FETCH NEXT @__p_1 ROWS ONLY
2018-03-28 11:57:01.4951|INFO|Microsoft.EntityFrameworkCore.Database.Command|Executed DbCommand (55ms) [Parameters=[@__p_0='?', @__p_1='?'], CommandType='Text', CommandTimeout='30']
SELECT [u].[Id], [u].[FirstName], [u].[IMEI], [u].[LastName], [u].[Password], [u].[UserName]
FROM [Users] AS [u]
ORDER BY [u].[FirstName], [u].[LastName]
OFFSET @__p_0 ROWS FETCH NEXT @__p_1 ROWS ONLY
2018-03-28 11:57:01.6979|INFO|Microsoft.AspNetCore.Mvc.Internal.ObjectResultExecutor|Executing ObjectResult, writing value Microsoft.AspNetCore.Mvc.ControllerContext.
2018-03-28 11:57:01.7082|INFO|Microsoft.AspNetCore.Mvc.Internal.ObjectResultExecutor|Executing ObjectResult, writing value Microsoft.AspNetCore.Mvc.ControllerContext.
2018-03-28 11:57:01.7882|INFO|Microsoft.AspNetCore.Mvc.Internal.ControllerActionInvoker|Executed action Library.API.Controllers.UsersController.GetUsers (Library.API) in 1756.9449ms
2018-03-28 11:57:01.8156|INFO|Microsoft.AspNetCore.Mvc.Internal.ControllerActionInvoker|Executed action Library.API.Controllers.UsersController.GetUsers (Library.API) in 1756.9449ms
2018-03-28 11:57:01.8409|INFO|Microsoft.AspNetCore.Hosting.Internal.WebHost|Request finished in 1954.2677ms 200 application/json; charset=utf-8
2018-03-28 11:57:01.8938|INFO|Microsoft.AspNetCore.Hosting.Internal.WebHost|Request finished in 1954.2677ms 200 application/json; charset=utf-8
2018-03-28 12:01:43.7273|INFO|Microsoft.AspNetCore.DataProtection.KeyManagement.XmlKeyManager|User profile is available. Using 'C:\Users\wanis\AppData\Local\ASP.NET\DataProtection-Keys' as key repository and Windows DPAPI to encrypt keys at rest.
2018-03-28 12:01:44.5641|INFO|Microsoft.EntityFrameworkCore.Infrastructure|Entity Framework Core 2.0.0-rtm-26452 initialized 'LibraryContext' using provider 'Microsoft.EntityFrameworkCore.SqlServer' with options: None
2018-03-28 12:01:51.7819|INFO|Microsoft.EntityFrameworkCore.Database.Command|Executed DbCommand (358ms) [Parameters=[], CommandType='Text', CommandTimeout='30']
SELECT OBJECT_ID(N'__EFMigrationsHistory');
2018-03-28 12:01:51.7955|INFO|Microsoft.EntityFrameworkCore.Database.Command|Executed DbCommand (0ms) [Parameters=[], CommandType='Text', CommandTimeout='30']
SELECT OBJECT_ID(N'__EFMigrationsHistory');
2018-03-28 12:01:51.8257|INFO|Microsoft.EntityFrameworkCore.Database.Command|Executed DbCommand (16ms) [Parameters=[], CommandType='Text', CommandTimeout='30']
SELECT [MigrationId], [ProductVersion]
FROM [__EFMigrationsHistory]
ORDER BY [MigrationId];
2018-03-28 12:01:51.8764|INFO|Microsoft.EntityFrameworkCore.Migrations|No migrations were applied. The database is already up to date.
2018-03-28 12:01:52.8594|INFO|Microsoft.EntityFrameworkCore.Database.Command|Executed DbCommand (110ms) [Parameters=[], CommandType='Text', CommandTimeout='30']
SELECT [u].[Id], [u].[FirstName], [u].[IMEI], [u].[LastName], [u].[Password], [u].[UserName]
FROM [Users] AS [u]
2018-03-28 12:01:52.8790|INFO|Microsoft.EntityFrameworkCore.Database.Command|Executed DbCommand (110ms) [Parameters=[], CommandType='Text', CommandTimeout='30']
SELECT [u].[Id], [u].[FirstName], [u].[IMEI], [u].[LastName], [u].[Password], [u].[UserName]
FROM [Users] AS [u]
2018-03-28 12:01:54.0378|INFO|Microsoft.EntityFrameworkCore.Database.Command|Executed DbCommand (975ms) [Parameters=[@p0='?', @p1='?', @p2='?', @p3='?', @p4='?', @p5='?'], CommandType='Text', CommandTimeout='30']
SET NOCOUNT ON;
DELETE FROM [Users]
WHERE [Id] = @p0;
SELECT @@ROWCOUNT;

DELETE FROM [Users]
WHERE [Id] = @p1;
SELECT @@ROWCOUNT;

DELETE FROM [Users]
WHERE [Id] = @p2;
SELECT @@ROWCOUNT;

DELETE FROM [Users]
WHERE [Id] = @p3;
SELECT @@ROWCOUNT;

DELETE FROM [Users]
WHERE [Id] = @p4;
SELECT @@ROWCOUNT;

DELETE FROM [Users]
WHERE [Id] = @p5;
SELECT @@ROWCOUNT;
2018-03-28 12:01:54.0666|INFO|Microsoft.EntityFrameworkCore.Database.Command|Executed DbCommand (975ms) [Parameters=[@p0='?', @p1='?', @p2='?', @p3='?', @p4='?', @p5='?'], CommandType='Text', CommandTimeout='30']
SET NOCOUNT ON;
DELETE FROM [Users]
WHERE [Id] = @p0;
SELECT @@ROWCOUNT;

DELETE FROM [Users]
WHERE [Id] = @p1;
SELECT @@ROWCOUNT;

DELETE FROM [Users]
WHERE [Id] = @p2;
SELECT @@ROWCOUNT;

DELETE FROM [Users]
WHERE [Id] = @p3;
SELECT @@ROWCOUNT;

DELETE FROM [Users]
WHERE [Id] = @p4;
SELECT @@ROWCOUNT;

DELETE FROM [Users]
WHERE [Id] = @p5;
SELECT @@ROWCOUNT;
2018-03-28 12:01:54.1510|INFO|Microsoft.EntityFrameworkCore.Database.Command|Executed DbCommand (5ms) [Parameters=[@p0='?', @p1='?' (Size = 50), @p2='?' (Size = 50), @p3='?' (Size = 50), @p4='?' (Size = 50), @p5='?' (Size = 50), @p6='?', @p7='?' (Size = 50), @p8='?' (Size = 50), @p9='?' (Size = 50), @p10='?' (Size = 50), @p11='?' (Size = 50), @p12='?', @p13='?' (Size = 50), @p14='?' (Size = 50), @p15='?' (Size = 50), @p16='?' (Size = 50), @p17='?' (Size = 50), @p18='?', @p19='?' (Size = 50), @p20='?' (Size = 50), @p21='?' (Size = 50), @p22='?' (Size = 50), @p23='?' (Size = 50), @p24='?', @p25='?' (Size = 50), @p26='?' (Size = 50), @p27='?' (Size = 50), @p28='?' (Size = 50), @p29='?' (Size = 50), @p30='?', @p31='?' (Size = 50), @p32='?' (Size = 50), @p33='?' (Size = 50), @p34='?' (Size = 50), @p35='?' (Size = 50)], CommandType='Text', CommandTimeout='30']
SET NOCOUNT ON;
INSERT INTO [Users] ([Id], [FirstName], [IMEI], [LastName], [Password], [UserName])
VALUES (@p0, @p1, @p2, @p3, @p4, @p5),
(@p6, @p7, @p8, @p9, @p10, @p11),
(@p12, @p13, @p14, @p15, @p16, @p17),
(@p18, @p19, @p20, @p21, @p22, @p23),
(@p24, @p25, @p26, @p27, @p28, @p29),
(@p30, @p31, @p32, @p33, @p34, @p35);
2018-03-28 12:01:54.1774|INFO|Microsoft.EntityFrameworkCore.Database.Command|Executed DbCommand (5ms) [Parameters=[@p0='?', @p1='?' (Size = 50), @p2='?' (Size = 50), @p3='?' (Size = 50), @p4='?' (Size = 50), @p5='?' (Size = 50), @p6='?', @p7='?' (Size = 50), @p8='?' (Size = 50), @p9='?' (Size = 50), @p10='?' (Size = 50), @p11='?' (Size = 50), @p12='?', @p13='?' (Size = 50), @p14='?' (Size = 50), @p15='?' (Size = 50), @p16='?' (Size = 50), @p17='?' (Size = 50), @p18='?', @p19='?' (Size = 50), @p20='?' (Size = 50), @p21='?' (Size = 50), @p22='?' (Size = 50), @p23='?' (Size = 50), @p24='?', @p25='?' (Size = 50), @p26='?' (Size = 50), @p27='?' (Size = 50), @p28='?' (Size = 50), @p29='?' (Size = 50), @p30='?', @p31='?' (Size = 50), @p32='?' (Size = 50), @p33='?' (Size = 50), @p34='?' (Size = 50), @p35='?' (Size = 50)], CommandType='Text', CommandTimeout='30']
SET NOCOUNT ON;
INSERT INTO [Users] ([Id], [FirstName], [IMEI], [LastName], [Password], [UserName])
VALUES (@p0, @p1, @p2, @p3, @p4, @p5),
(@p6, @p7, @p8, @p9, @p10, @p11),
(@p12, @p13, @p14, @p15, @p16, @p17),
(@p18, @p19, @p20, @p21, @p22, @p23),
(@p24, @p25, @p26, @p27, @p28, @p29),
(@p30, @p31, @p32, @p33, @p34, @p35);
2018-03-28 12:01:54.2297|INFO|Microsoft.EntityFrameworkCore.Database.Command|Executed DbCommand (47ms) [Parameters=[@p36='?', @p37='?', @p38='?', @p39='?', @p40='?', @p41='?', @p42='?', @p43='?', @p44='?', @p45='?', @p46='?', @p47='?', @p48='?', @p49='?', @p50='?', @p51='?', @p52='?', @p53='?', @p54='?', @p55='?', @p56='?', @p57='?', @p58='?', @p59='?'], CommandType='Text', CommandTimeout='30']
SET NOCOUNT ON;
INSERT INTO [Scores] ([Id], [InstanceScore], [TimeStamp], [UserId])
VALUES (@p36, @p37, @p38, @p39),
(@p40, @p41, @p42, @p43),
(@p44, @p45, @p46, @p47),
(@p48, @p49, @p50, @p51),
(@p52, @p53, @p54, @p55),
(@p56, @p57, @p58, @p59);
2018-03-28 12:01:54.2492|INFO|Microsoft.EntityFrameworkCore.Database.Command|Executed DbCommand (47ms) [Parameters=[@p36='?', @p37='?', @p38='?', @p39='?', @p40='?', @p41='?', @p42='?', @p43='?', @p44='?', @p45='?', @p46='?', @p47='?', @p48='?', @p49='?', @p50='?', @p51='?', @p52='?', @p53='?', @p54='?', @p55='?', @p56='?', @p57='?', @p58='?', @p59='?'], CommandType='Text', CommandTimeout='30']
SET NOCOUNT ON;
INSERT INTO [Scores] ([Id], [InstanceScore], [TimeStamp], [UserId])
VALUES (@p36, @p37, @p38, @p39),
(@p40, @p41, @p42, @p43),
(@p44, @p45, @p46, @p47),
(@p48, @p49, @p50, @p51),
(@p52, @p53, @p54, @p55),
(@p56, @p57, @p58, @p59);
2018-03-28 12:01:55.1431|INFO|Microsoft.AspNetCore.Hosting.Internal.WebHost|Request starting HTTP/1.1 GET http://localhost:6058/  
2018-03-28 12:01:55.1728|INFO|Microsoft.AspNetCore.Hosting.Internal.WebHost|Request starting HTTP/1.1 GET http://localhost:6058/  
2018-03-28 12:01:55.4004|INFO|Microsoft.AspNetCore.Hosting.Internal.WebHost|Request finished in 268.2083ms 404 
2018-03-28 12:01:55.4256|INFO|Microsoft.AspNetCore.Hosting.Internal.WebHost|Request finished in 268.2083ms 404 
2018-03-28 12:03:13.0228|INFO|Microsoft.AspNetCore.Hosting.Internal.WebHost|Request starting HTTP/1.1 GET http://localhost:6058/api/users/f74d6899-9ed2-4137-9876-66b070553f8f?fields=od,name  
2018-03-28 12:03:13.0500|INFO|Microsoft.AspNetCore.Hosting.Internal.WebHost|Request starting HTTP/1.1 GET http://localhost:6058/api/users/f74d6899-9ed2-4137-9876-66b070553f8f?fields=od,name  
2018-03-28 12:03:13.1557|INFO|Microsoft.EntityFrameworkCore.Infrastructure|Entity Framework Core 2.0.0-rtm-26452 initialized 'LibraryContext' using provider 'Microsoft.EntityFrameworkCore.SqlServer' with options: None
2018-03-28 12:03:13.1656|INFO|Microsoft.EntityFrameworkCore.Infrastructure|Entity Framework Core 2.0.0-rtm-26452 initialized 'LibraryContext' using provider 'Microsoft.EntityFrameworkCore.SqlServer' with options: None
2018-03-28 12:03:13.1893|INFO|Microsoft.EntityFrameworkCore.Database.Command|Executed DbCommand (12ms) [Parameters=[], CommandType='Text', CommandTimeout='30']
SELECT OBJECT_ID(N'__EFMigrationsHistory');
2018-03-28 12:03:13.1982|INFO|Microsoft.EntityFrameworkCore.Database.Command|Executed DbCommand (12ms) [Parameters=[], CommandType='Text', CommandTimeout='30']
SELECT OBJECT_ID(N'__EFMigrationsHistory');
2018-03-28 12:03:13.1982|INFO|Microsoft.EntityFrameworkCore.Database.Command|Executed DbCommand (0ms) [Parameters=[], CommandType='Text', CommandTimeout='30']
SELECT OBJECT_ID(N'__EFMigrationsHistory');
2018-03-28 12:03:13.2329|INFO|Microsoft.EntityFrameworkCore.Database.Command|Executed DbCommand (0ms) [Parameters=[], CommandType='Text', CommandTimeout='30']
SELECT OBJECT_ID(N'__EFMigrationsHistory');
2018-03-28 12:03:13.2434|INFO|Microsoft.EntityFrameworkCore.Database.Command|Executed DbCommand (1ms) [Parameters=[], CommandType='Text', CommandTimeout='30']
SELECT [MigrationId], [ProductVersion]
FROM [__EFMigrationsHistory]
ORDER BY [MigrationId];
2018-03-28 12:03:13.2552|INFO|Microsoft.EntityFrameworkCore.Database.Command|Executed DbCommand (1ms) [Parameters=[], CommandType='Text', CommandTimeout='30']
SELECT [MigrationId], [ProductVersion]
FROM [__EFMigrationsHistory]
ORDER BY [MigrationId];
2018-03-28 12:03:13.2552|INFO|Microsoft.EntityFrameworkCore.Migrations|No migrations were applied. The database is already up to date.
2018-03-28 12:03:13.2552|INFO|Microsoft.EntityFrameworkCore.Migrations|No migrations were applied. The database is already up to date.
2018-03-28 12:03:13.3908|INFO|Microsoft.AspNetCore.Mvc.Internal.ControllerActionInvoker|Executing action method Library.API.Controllers.UsersController.GetUser (Library.API) with arguments (f74d6899-9ed2-4137-9876-66b070553f8f, od,name) - ModelState is Valid
2018-03-28 12:03:13.4017|INFO|Microsoft.AspNetCore.Mvc.Internal.ControllerActionInvoker|Executing action method Library.API.Controllers.UsersController.GetUser (Library.API) with arguments (f74d6899-9ed2-4137-9876-66b070553f8f, od,name) - ModelState is Valid
2018-03-28 12:03:13.9248|INFO|Microsoft.EntityFrameworkCore.Database.Command|Executed DbCommand (1ms) [Parameters=[@__userId_0='?'], CommandType='Text', CommandTimeout='30']
SELECT TOP(1) [a].[Id], [a].[FirstName], [a].[IMEI], [a].[LastName], [a].[Password], [a].[UserName]
FROM [Users] AS [a]
WHERE [a].[Id] = @__userId_0
2018-03-28 12:03:13.9326|INFO|Microsoft.EntityFrameworkCore.Database.Command|Executed DbCommand (1ms) [Parameters=[@__userId_0='?'], CommandType='Text', CommandTimeout='30']
SELECT TOP(1) [a].[Id], [a].[FirstName], [a].[IMEI], [a].[LastName], [a].[Password], [a].[UserName]
FROM [Users] AS [a]
WHERE [a].[Id] = @__userId_0
2018-03-28 12:04:13.3323|INFO|Microsoft.AspNetCore.Mvc.Internal.ControllerActionInvoker|Executed action Library.API.Controllers.UsersController.GetUser (Library.API) in 60181.2102ms
2018-03-28 12:04:13.3694|INFO|Microsoft.AspNetCore.Mvc.Internal.ControllerActionInvoker|Executed action Library.API.Controllers.UsersController.GetUser (Library.API) in 60181.2102ms
2018-03-28 12:04:13.9042|ERROR|Microsoft.AspNetCore.Diagnostics.ExceptionHandlerMiddleware|An unhandled exception has occurred: Property od wasn't found on Library.API.Models.UserDto
2018-03-28 12:04:13.9759|ERROR|Microsoft.AspNetCore.Diagnostics.ExceptionHandlerMiddleware|An unhandled exception has occurred: Property od wasn't found on Library.API.Models.UserDto
2018-03-28 12:04:14.0113|ERROR|Global exception logger|Property od wasn't found on Library.API.Models.UserDto
2018-03-28 12:04:14.0588|ERROR|Global exception logger|Property od wasn't found on Library.API.Models.UserDto
2018-03-28 12:04:14.0934|INFO|Microsoft.AspNetCore.Hosting.Internal.WebHost|Request finished in 61067.8415ms 500 
2018-03-28 12:04:14.1344|INFO|Microsoft.AspNetCore.Hosting.Internal.WebHost|Request finished in 61067.8415ms 500 
2018-03-28 12:04:24.2014|INFO|Microsoft.AspNetCore.Hosting.Internal.WebHost|Request starting HTTP/1.1 GET http://localhost:6058/api/users/f74d6899-9ed2-4137-9876-66b070553f8f?fields=id,name  
2018-03-28 12:04:24.2334|INFO|Microsoft.AspNetCore.Hosting.Internal.WebHost|Request starting HTTP/1.1 GET http://localhost:6058/api/users/f74d6899-9ed2-4137-9876-66b070553f8f?fields=id,name  
2018-03-28 12:04:24.2397|INFO|Microsoft.EntityFrameworkCore.Infrastructure|Entity Framework Core 2.0.0-rtm-26452 initialized 'LibraryContext' using provider 'Microsoft.EntityFrameworkCore.SqlServer' with options: None
2018-03-28 12:04:24.2666|INFO|Microsoft.EntityFrameworkCore.Infrastructure|Entity Framework Core 2.0.0-rtm-26452 initialized 'LibraryContext' using provider 'Microsoft.EntityFrameworkCore.SqlServer' with options: None
2018-03-28 12:04:24.2903|INFO|Microsoft.EntityFrameworkCore.Database.Command|Executed DbCommand (0ms) [Parameters=[], CommandType='Text', CommandTimeout='30']
SELECT OBJECT_ID(N'__EFMigrationsHistory');
2018-03-28 12:04:24.2903|INFO|Microsoft.EntityFrameworkCore.Database.Command|Executed DbCommand (0ms) [Parameters=[], CommandType='Text', CommandTimeout='30']
SELECT OBJECT_ID(N'__EFMigrationsHistory');
2018-03-28 12:04:24.3089|INFO|Microsoft.EntityFrameworkCore.Database.Command|Executed DbCommand (0ms) [Parameters=[], CommandType='Text', CommandTimeout='30']
SELECT OBJECT_ID(N'__EFMigrationsHistory');
2018-03-28 12:04:24.3089|INFO|Microsoft.EntityFrameworkCore.Database.Command|Executed DbCommand (0ms) [Parameters=[], CommandType='Text', CommandTimeout='30']
SELECT OBJECT_ID(N'__EFMigrationsHistory');
2018-03-28 12:04:24.3401|INFO|Microsoft.EntityFrameworkCore.Database.Command|Executed DbCommand (0ms) [Parameters=[], CommandType='Text', CommandTimeout='30']
SELECT [MigrationId], [ProductVersion]
FROM [__EFMigrationsHistory]
ORDER BY [MigrationId];
2018-03-28 12:04:24.3527|INFO|Microsoft.EntityFrameworkCore.Database.Command|Executed DbCommand (0ms) [Parameters=[], CommandType='Text', CommandTimeout='30']
SELECT [MigrationId], [ProductVersion]
FROM [__EFMigrationsHistory]
ORDER BY [MigrationId];
2018-03-28 12:04:24.3784|INFO|Microsoft.EntityFrameworkCore.Migrations|No migrations were applied. The database is already up to date.
2018-03-28 12:04:24.3869|INFO|Microsoft.EntityFrameworkCore.Migrations|No migrations were applied. The database is already up to date.
2018-03-28 12:04:24.4183|INFO|Microsoft.AspNetCore.Mvc.Internal.ControllerActionInvoker|Executing action method Library.API.Controllers.UsersController.GetUser (Library.API) with arguments (f74d6899-9ed2-4137-9876-66b070553f8f, id,name) - ModelState is Valid
2018-03-28 12:04:24.4455|INFO|Microsoft.AspNetCore.Mvc.Internal.ControllerActionInvoker|Executing action method Library.API.Controllers.UsersController.GetUser (Library.API) with arguments (f74d6899-9ed2-4137-9876-66b070553f8f, id,name) - ModelState is Valid
2018-03-28 12:04:24.4455|INFO|Microsoft.EntityFrameworkCore.Database.Command|Executed DbCommand (0ms) [Parameters=[@__userId_0='?'], CommandType='Text', CommandTimeout='30']
SELECT TOP(1) [a].[Id], [a].[FirstName], [a].[IMEI], [a].[LastName], [a].[Password], [a].[UserName]
FROM [Users] AS [a]
WHERE [a].[Id] = @__userId_0
2018-03-28 12:04:24.4787|INFO|Microsoft.EntityFrameworkCore.Database.Command|Executed DbCommand (0ms) [Parameters=[@__userId_0='?'], CommandType='Text', CommandTimeout='30']
SELECT TOP(1) [a].[Id], [a].[FirstName], [a].[IMEI], [a].[LastName], [a].[Password], [a].[UserName]
FROM [Users] AS [a]
WHERE [a].[Id] = @__userId_0
2018-03-28 12:04:24.4937|INFO|Microsoft.AspNetCore.Mvc.Internal.ObjectResultExecutor|Executing ObjectResult, writing value Microsoft.AspNetCore.Mvc.ControllerContext.
2018-03-28 12:04:24.5308|INFO|Microsoft.AspNetCore.Mvc.Internal.ObjectResultExecutor|Executing ObjectResult, writing value Microsoft.AspNetCore.Mvc.ControllerContext.
2018-03-28 12:04:24.6831|INFO|Microsoft.AspNetCore.Mvc.Internal.ControllerActionInvoker|Executed action Library.API.Controllers.UsersController.GetUser (Library.API) in 445.4672ms
2018-03-28 12:04:24.7096|INFO|Microsoft.AspNetCore.Mvc.Internal.ControllerActionInvoker|Executed action Library.API.Controllers.UsersController.GetUser (Library.API) in 445.4672ms
2018-03-28 12:04:24.7096|INFO|Microsoft.AspNetCore.Hosting.Internal.WebHost|Request finished in 514.9777ms 200 application/json; charset=utf-8
2018-03-28 12:04:24.7323|INFO|Microsoft.AspNetCore.Hosting.Internal.WebHost|Request finished in 514.9777ms 200 application/json; charset=utf-8
2018-03-28 12:07:09.1181|INFO|Microsoft.AspNetCore.DataProtection.KeyManagement.XmlKeyManager|User profile is available. Using 'C:\Users\wanis\AppData\Local\ASP.NET\DataProtection-Keys' as key repository and Windows DPAPI to encrypt keys at rest.
2018-03-28 12:07:09.8442|INFO|Microsoft.EntityFrameworkCore.Infrastructure|Entity Framework Core 2.0.0-rtm-26452 initialized 'LibraryContext' using provider 'Microsoft.EntityFrameworkCore.SqlServer' with options: None
2018-03-28 12:07:16.6477|INFO|Microsoft.EntityFrameworkCore.Database.Command|Executed DbCommand (329ms) [Parameters=[], CommandType='Text', CommandTimeout='30']
SELECT OBJECT_ID(N'__EFMigrationsHistory');
2018-03-28 12:07:16.6786|INFO|Microsoft.EntityFrameworkCore.Database.Command|Executed DbCommand (0ms) [Parameters=[], CommandType='Text', CommandTimeout='30']
SELECT OBJECT_ID(N'__EFMigrationsHistory');
2018-03-28 12:07:16.7199|INFO|Microsoft.EntityFrameworkCore.Database.Command|Executed DbCommand (9ms) [Parameters=[], CommandType='Text', CommandTimeout='30']
SELECT [MigrationId], [ProductVersion]
FROM [__EFMigrationsHistory]
ORDER BY [MigrationId];
2018-03-28 12:07:16.7601|INFO|Microsoft.EntityFrameworkCore.Migrations|No migrations were applied. The database is already up to date.
2018-03-28 12:07:17.8176|INFO|Microsoft.EntityFrameworkCore.Database.Command|Executed DbCommand (378ms) [Parameters=[], CommandType='Text', CommandTimeout='30']
SELECT [u].[Id], [u].[FirstName], [u].[IMEI], [u].[LastName], [u].[Password], [u].[UserName]
FROM [Users] AS [u]
2018-03-28 12:07:17.8176|INFO|Microsoft.EntityFrameworkCore.Database.Command|Executed DbCommand (378ms) [Parameters=[], CommandType='Text', CommandTimeout='30']
SELECT [u].[Id], [u].[FirstName], [u].[IMEI], [u].[LastName], [u].[Password], [u].[UserName]
FROM [Users] AS [u]
2018-03-28 12:07:18.3224|INFO|Microsoft.EntityFrameworkCore.Database.Command|Executed DbCommand (363ms) [Parameters=[@p0='?', @p1='?', @p2='?', @p3='?', @p4='?', @p5='?'], CommandType='Text', CommandTimeout='30']
SET NOCOUNT ON;
DELETE FROM [Users]
WHERE [Id] = @p0;
SELECT @@ROWCOUNT;

DELETE FROM [Users]
WHERE [Id] = @p1;
SELECT @@ROWCOUNT;

DELETE FROM [Users]
WHERE [Id] = @p2;
SELECT @@ROWCOUNT;

DELETE FROM [Users]
WHERE [Id] = @p3;
SELECT @@ROWCOUNT;

DELETE FROM [Users]
WHERE [Id] = @p4;
SELECT @@ROWCOUNT;

DELETE FROM [Users]
WHERE [Id] = @p5;
SELECT @@ROWCOUNT;
2018-03-28 12:07:18.3511|INFO|Microsoft.EntityFrameworkCore.Database.Command|Executed DbCommand (363ms) [Parameters=[@p0='?', @p1='?', @p2='?', @p3='?', @p4='?', @p5='?'], CommandType='Text', CommandTimeout='30']
SET NOCOUNT ON;
DELETE FROM [Users]
WHERE [Id] = @p0;
SELECT @@ROWCOUNT;

DELETE FROM [Users]
WHERE [Id] = @p1;
SELECT @@ROWCOUNT;

DELETE FROM [Users]
WHERE [Id] = @p2;
SELECT @@ROWCOUNT;

DELETE FROM [Users]
WHERE [Id] = @p3;
SELECT @@ROWCOUNT;

DELETE FROM [Users]
WHERE [Id] = @p4;
SELECT @@ROWCOUNT;

DELETE FROM [Users]
WHERE [Id] = @p5;
SELECT @@ROWCOUNT;
2018-03-28 12:07:18.4340|INFO|Microsoft.EntityFrameworkCore.Database.Command|Executed DbCommand (4ms) [Parameters=[@p0='?', @p1='?' (Size = 50), @p2='?' (Size = 50), @p3='?' (Size = 50), @p4='?' (Size = 50), @p5='?' (Size = 50), @p6='?', @p7='?' (Size = 50), @p8='?' (Size = 50), @p9='?' (Size = 50), @p10='?' (Size = 50), @p11='?' (Size = 50), @p12='?', @p13='?' (Size = 50), @p14='?' (Size = 50), @p15='?' (Size = 50), @p16='?' (Size = 50), @p17='?' (Size = 50), @p18='?', @p19='?' (Size = 50), @p20='?' (Size = 50), @p21='?' (Size = 50), @p22='?' (Size = 50), @p23='?' (Size = 50), @p24='?', @p25='?' (Size = 50), @p26='?' (Size = 50), @p27='?' (Size = 50), @p28='?' (Size = 50), @p29='?' (Size = 50), @p30='?', @p31='?' (Size = 50), @p32='?' (Size = 50), @p33='?' (Size = 50), @p34='?' (Size = 50), @p35='?' (Size = 50)], CommandType='Text', CommandTimeout='30']
SET NOCOUNT ON;
INSERT INTO [Users] ([Id], [FirstName], [IMEI], [LastName], [Password], [UserName])
VALUES (@p0, @p1, @p2, @p3, @p4, @p5),
(@p6, @p7, @p8, @p9, @p10, @p11),
(@p12, @p13, @p14, @p15, @p16, @p17),
(@p18, @p19, @p20, @p21, @p22, @p23),
(@p24, @p25, @p26, @p27, @p28, @p29),
(@p30, @p31, @p32, @p33, @p34, @p35);
2018-03-28 12:07:18.4667|INFO|Microsoft.EntityFrameworkCore.Database.Command|Executed DbCommand (4ms) [Parameters=[@p0='?', @p1='?' (Size = 50), @p2='?' (Size = 50), @p3='?' (Size = 50), @p4='?' (Size = 50), @p5='?' (Size = 50), @p6='?', @p7='?' (Size = 50), @p8='?' (Size = 50), @p9='?' (Size = 50), @p10='?' (Size = 50), @p11='?' (Size = 50), @p12='?', @p13='?' (Size = 50), @p14='?' (Size = 50), @p15='?' (Size = 50), @p16='?' (Size = 50), @p17='?' (Size = 50), @p18='?', @p19='?' (Size = 50), @p20='?' (Size = 50), @p21='?' (Size = 50), @p22='?' (Size = 50), @p23='?' (Size = 50), @p24='?', @p25='?' (Size = 50), @p26='?' (Size = 50), @p27='?' (Size = 50), @p28='?' (Size = 50), @p29='?' (Size = 50), @p30='?', @p31='?' (Size = 50), @p32='?' (Size = 50), @p33='?' (Size = 50), @p34='?' (Size = 50), @p35='?' (Size = 50)], CommandType='Text', CommandTimeout='30']
SET NOCOUNT ON;
INSERT INTO [Users] ([Id], [FirstName], [IMEI], [LastName], [Password], [UserName])
VALUES (@p0, @p1, @p2, @p3, @p4, @p5),
(@p6, @p7, @p8, @p9, @p10, @p11),
(@p12, @p13, @p14, @p15, @p16, @p17),
(@p18, @p19, @p20, @p21, @p22, @p23),
(@p24, @p25, @p26, @p27, @p28, @p29),
(@p30, @p31, @p32, @p33, @p34, @p35);
2018-03-28 12:07:18.4842|INFO|Microsoft.EntityFrameworkCore.Database.Command|Executed DbCommand (4ms) [Parameters=[@p36='?', @p37='?', @p38='?', @p39='?', @p40='?', @p41='?', @p42='?', @p43='?', @p44='?', @p45='?', @p46='?', @p47='?', @p48='?', @p49='?', @p50='?', @p51='?', @p52='?', @p53='?', @p54='?', @p55='?', @p56='?', @p57='?', @p58='?', @p59='?'], CommandType='Text', CommandTimeout='30']
SET NOCOUNT ON;
INSERT INTO [Scores] ([Id], [InstanceScore], [TimeStamp], [UserId])
VALUES (@p36, @p37, @p38, @p39),
(@p40, @p41, @p42, @p43),
(@p44, @p45, @p46, @p47),
(@p48, @p49, @p50, @p51),
(@p52, @p53, @p54, @p55),
(@p56, @p57, @p58, @p59);
2018-03-28 12:07:18.5149|INFO|Microsoft.EntityFrameworkCore.Database.Command|Executed DbCommand (4ms) [Parameters=[@p36='?', @p37='?', @p38='?', @p39='?', @p40='?', @p41='?', @p42='?', @p43='?', @p44='?', @p45='?', @p46='?', @p47='?', @p48='?', @p49='?', @p50='?', @p51='?', @p52='?', @p53='?', @p54='?', @p55='?', @p56='?', @p57='?', @p58='?', @p59='?'], CommandType='Text', CommandTimeout='30']
SET NOCOUNT ON;
INSERT INTO [Scores] ([Id], [InstanceScore], [TimeStamp], [UserId])
VALUES (@p36, @p37, @p38, @p39),
(@p40, @p41, @p42, @p43),
(@p44, @p45, @p46, @p47),
(@p48, @p49, @p50, @p51),
(@p52, @p53, @p54, @p55),
(@p56, @p57, @p58, @p59);
2018-03-28 12:07:19.1806|INFO|Microsoft.AspNetCore.Hosting.Internal.WebHost|Request starting HTTP/1.1 GET http://localhost:6058/  
2018-03-28 12:07:19.2217|INFO|Microsoft.AspNetCore.Hosting.Internal.WebHost|Request starting HTTP/1.1 GET http://localhost:6058/  
2018-03-28 12:07:19.4370|INFO|Microsoft.AspNetCore.Hosting.Internal.WebHost|Request finished in 272.8235ms 404 
2018-03-28 12:07:19.4892|INFO|Microsoft.AspNetCore.Hosting.Internal.WebHost|Request finished in 272.8235ms 404 
2018-03-28 12:07:27.3426|INFO|Microsoft.AspNetCore.Hosting.Internal.WebHost|Request starting HTTP/1.1 GET http://localhost:6058/api/users/f74d6899-9ed2-4137-9876-66b070553f8f?fields=id,name  
2018-03-28 12:07:27.3497|INFO|Microsoft.AspNetCore.Hosting.Internal.WebHost|Request starting HTTP/1.1 GET http://localhost:6058/api/users/f74d6899-9ed2-4137-9876-66b070553f8f?fields=id,name  
2018-03-28 12:07:27.4580|INFO|Microsoft.EntityFrameworkCore.Infrastructure|Entity Framework Core 2.0.0-rtm-26452 initialized 'LibraryContext' using provider 'Microsoft.EntityFrameworkCore.SqlServer' with options: None
2018-03-28 12:07:27.4853|INFO|Microsoft.EntityFrameworkCore.Infrastructure|Entity Framework Core 2.0.0-rtm-26452 initialized 'LibraryContext' using provider 'Microsoft.EntityFrameworkCore.SqlServer' with options: None
2018-03-28 12:07:27.5141|INFO|Microsoft.EntityFrameworkCore.Database.Command|Executed DbCommand (18ms) [Parameters=[], CommandType='Text', CommandTimeout='30']
SELECT OBJECT_ID(N'__EFMigrationsHistory');
2018-03-28 12:07:27.5259|INFO|Microsoft.EntityFrameworkCore.Database.Command|Executed DbCommand (18ms) [Parameters=[], CommandType='Text', CommandTimeout='30']
SELECT OBJECT_ID(N'__EFMigrationsHistory');
2018-03-28 12:07:27.5259|INFO|Microsoft.EntityFrameworkCore.Database.Command|Executed DbCommand (0ms) [Parameters=[], CommandType='Text', CommandTimeout='30']
SELECT OBJECT_ID(N'__EFMigrationsHistory');
2018-03-28 12:07:27.5521|INFO|Microsoft.EntityFrameworkCore.Database.Command|Executed DbCommand (0ms) [Parameters=[], CommandType='Text', CommandTimeout='30']
SELECT OBJECT_ID(N'__EFMigrationsHistory');
2018-03-28 12:07:27.5521|INFO|Microsoft.EntityFrameworkCore.Database.Command|Executed DbCommand (0ms) [Parameters=[], CommandType='Text', CommandTimeout='30']
SELECT [MigrationId], [ProductVersion]
FROM [__EFMigrationsHistory]
ORDER BY [MigrationId];
2018-03-28 12:07:27.5807|INFO|Microsoft.EntityFrameworkCore.Database.Command|Executed DbCommand (0ms) [Parameters=[], CommandType='Text', CommandTimeout='30']
SELECT [MigrationId], [ProductVersion]
FROM [__EFMigrationsHistory]
ORDER BY [MigrationId];
2018-03-28 12:07:27.5867|INFO|Microsoft.EntityFrameworkCore.Migrations|No migrations were applied. The database is already up to date.
2018-03-28 12:07:27.5867|INFO|Microsoft.EntityFrameworkCore.Migrations|No migrations were applied. The database is already up to date.
2018-03-28 12:07:27.6802|INFO|Microsoft.AspNetCore.Mvc.Internal.ControllerActionInvoker|Executing action method Library.API.Controllers.UsersController.GetUser (Library.API) with arguments (f74d6899-9ed2-4137-9876-66b070553f8f, id,name, Library.API.Helpers.UserResourceParameters) - ModelState is Valid
2018-03-28 12:07:27.6802|INFO|Microsoft.AspNetCore.Mvc.Internal.ControllerActionInvoker|Executing action method Library.API.Controllers.UsersController.GetUser (Library.API) with arguments (f74d6899-9ed2-4137-9876-66b070553f8f, id,name, Library.API.Helpers.UserResourceParameters) - ModelState is Valid
2018-03-28 12:07:27.7331|INFO|Microsoft.EntityFrameworkCore.Database.Command|Executed DbCommand (1ms) [Parameters=[@__userId_0='?'], CommandType='Text', CommandTimeout='30']
SELECT TOP(1) [a].[Id], [a].[FirstName], [a].[IMEI], [a].[LastName], [a].[Password], [a].[UserName]
FROM [Users] AS [a]
WHERE [a].[Id] = @__userId_0
2018-03-28 12:07:27.7647|INFO|Microsoft.EntityFrameworkCore.Database.Command|Executed DbCommand (1ms) [Parameters=[@__userId_0='?'], CommandType='Text', CommandTimeout='30']
SELECT TOP(1) [a].[Id], [a].[FirstName], [a].[IMEI], [a].[LastName], [a].[Password], [a].[UserName]
FROM [Users] AS [a]
WHERE [a].[Id] = @__userId_0
2018-03-28 12:07:27.8255|INFO|Microsoft.AspNetCore.Mvc.Internal.ObjectResultExecutor|Executing ObjectResult, writing value Microsoft.AspNetCore.Mvc.ControllerContext.
2018-03-28 12:07:27.8345|INFO|Microsoft.AspNetCore.Mvc.Internal.ObjectResultExecutor|Executing ObjectResult, writing value Microsoft.AspNetCore.Mvc.ControllerContext.
2018-03-28 12:07:27.9674|INFO|Microsoft.AspNetCore.Mvc.Internal.ControllerActionInvoker|Executed action Library.API.Controllers.UsersController.GetUser (Library.API) in 480.708ms
2018-03-28 12:07:27.9974|INFO|Microsoft.AspNetCore.Mvc.Internal.ControllerActionInvoker|Executed action Library.API.Controllers.UsersController.GetUser (Library.API) in 480.708ms
2018-03-28 12:07:28.0069|INFO|Microsoft.AspNetCore.Hosting.Internal.WebHost|Request finished in 659.8389ms 200 application/json; charset=utf-8
2018-03-28 12:07:28.0069|INFO|Microsoft.AspNetCore.Hosting.Internal.WebHost|Request finished in 659.8389ms 200 application/json; charset=utf-8
2018-03-28 12:07:33.5905|INFO|Microsoft.AspNetCore.Hosting.Internal.WebHost|Request starting HTTP/1.1 GET http://localhost:6058/api/users/f74d6899-9ed2-4137-9876-66b070553f8f?fields=od,name  
2018-03-28 12:07:33.6031|INFO|Microsoft.AspNetCore.Hosting.Internal.WebHost|Request starting HTTP/1.1 GET http://localhost:6058/api/users/f74d6899-9ed2-4137-9876-66b070553f8f?fields=od,name  
2018-03-28 12:07:33.6031|INFO|Microsoft.EntityFrameworkCore.Infrastructure|Entity Framework Core 2.0.0-rtm-26452 initialized 'LibraryContext' using provider 'Microsoft.EntityFrameworkCore.SqlServer' with options: None
2018-03-28 12:07:33.6219|INFO|Microsoft.EntityFrameworkCore.Infrastructure|Entity Framework Core 2.0.0-rtm-26452 initialized 'LibraryContext' using provider 'Microsoft.EntityFrameworkCore.SqlServer' with options: None
2018-03-28 12:07:33.6331|INFO|Microsoft.EntityFrameworkCore.Database.Command|Executed DbCommand (3ms) [Parameters=[], CommandType='Text', CommandTimeout='30']
SELECT OBJECT_ID(N'__EFMigrationsHistory');
2018-03-28 12:07:33.6331|INFO|Microsoft.EntityFrameworkCore.Database.Command|Executed DbCommand (3ms) [Parameters=[], CommandType='Text', CommandTimeout='30']
SELECT OBJECT_ID(N'__EFMigrationsHistory');
2018-03-28 12:07:33.6681|INFO|Microsoft.EntityFrameworkCore.Database.Command|Executed DbCommand (0ms) [Parameters=[], CommandType='Text', CommandTimeout='30']
SELECT OBJECT_ID(N'__EFMigrationsHistory');
2018-03-28 12:07:33.6941|INFO|Microsoft.EntityFrameworkCore.Database.Command|Executed DbCommand (0ms) [Parameters=[], CommandType='Text', CommandTimeout='30']
SELECT OBJECT_ID(N'__EFMigrationsHistory');
2018-03-28 12:07:33.6941|INFO|Microsoft.EntityFrameworkCore.Database.Command|Executed DbCommand (0ms) [Parameters=[], CommandType='Text', CommandTimeout='30']
SELECT [MigrationId], [ProductVersion]
FROM [__EFMigrationsHistory]
ORDER BY [MigrationId];
2018-03-28 12:07:33.7291|INFO|Microsoft.EntityFrameworkCore.Database.Command|Executed DbCommand (0ms) [Parameters=[], CommandType='Text', CommandTimeout='30']
SELECT [MigrationId], [ProductVersion]
FROM [__EFMigrationsHistory]
ORDER BY [MigrationId];
2018-03-28 12:07:33.7538|INFO|Microsoft.EntityFrameworkCore.Migrations|No migrations were applied. The database is already up to date.
2018-03-28 12:07:33.7632|INFO|Microsoft.EntityFrameworkCore.Migrations|No migrations were applied. The database is already up to date.
2018-03-28 12:07:33.7880|INFO|Microsoft.AspNetCore.Mvc.Internal.ControllerActionInvoker|Executing action method Library.API.Controllers.UsersController.GetUser (Library.API) with arguments (f74d6899-9ed2-4137-9876-66b070553f8f, od,name, Library.API.Helpers.UserResourceParameters) - ModelState is Valid
2018-03-28 12:07:33.7880|INFO|Microsoft.AspNetCore.Mvc.Internal.ControllerActionInvoker|Executing action method Library.API.Controllers.UsersController.GetUser (Library.API) with arguments (f74d6899-9ed2-4137-9876-66b070553f8f, od,name, Library.API.Helpers.UserResourceParameters) - ModelState is Valid
2018-03-28 12:07:34.1713|INFO|Microsoft.AspNetCore.Mvc.StatusCodeResult|Executing HttpStatusCodeResult, setting HTTP status code 400
2018-03-28 12:07:34.1990|INFO|Microsoft.AspNetCore.Mvc.StatusCodeResult|Executing HttpStatusCodeResult, setting HTTP status code 400
2018-03-28 12:07:34.2098|INFO|Microsoft.AspNetCore.Mvc.Internal.ControllerActionInvoker|Executed action Library.API.Controllers.UsersController.GetUser (Library.API) in 597.3198ms
2018-03-28 12:07:34.2098|INFO|Microsoft.AspNetCore.Mvc.Internal.ControllerActionInvoker|Executed action Library.API.Controllers.UsersController.GetUser (Library.API) in 597.3198ms
2018-03-28 12:07:34.2438|INFO|Microsoft.AspNetCore.Hosting.Internal.WebHost|Request finished in 640.7715ms 400 
2018-03-28 12:07:34.2741|INFO|Microsoft.AspNetCore.Hosting.Internal.WebHost|Request finished in 640.7715ms 400 
